[2025-02-01 12:00:34] local.ERROR: SQLSTATE[HY000] [2002] No se puede establecer una conexión ya que el equipo de destino denegó expresamente dicha conexión (Connection: mysql, SQL: select count(*) as aggregate from `companies` where `email` = studio54@email.com) {"exception":"[object] (Illuminate\\Database\\QueryException(code: 2002): SQLSTATE[HY000] [2002] No se puede establecer una conexión ya que el equipo de destino denegó expresamente dicha conexión (Connection: mysql, SQL: select count(*) as aggregate from `companies` where `email` = studio54@email.com) at C:\\Users\\fdiez\\Documents\\Dev\\hooky\\hooky-api\\vendor\\laravel\\framework\\src\\Illuminate\\Database\\Connection.php:825)
[stacktrace]
#0 C:\\Users\\fdiez\\Documents\\Dev\\hooky\\hooky-api\\vendor\\laravel\\framework\\src\\Illuminate\\Database\\Connection.php(779): Illuminate\\Database\\Connection->runQueryCallback('select count(*)...', Array, Object(Closure))
#1 C:\\Users\\fdiez\\Documents\\Dev\\hooky\\hooky-api\\vendor\\laravel\\framework\\src\\Illuminate\\Database\\Connection.php(398): Illuminate\\Database\\Connection->run('select count(*)...', Array, Object(Closure))
#2 C:\\Users\\fdiez\\Documents\\Dev\\hooky\\hooky-api\\vendor\\laravel\\framework\\src\\Illuminate\\Database\\Query\\Builder.php(3133): Illuminate\\Database\\Connection->select('select count(*)...', Array, false)
#3 C:\\Users\\fdiez\\Documents\\Dev\\hooky\\hooky-api\\vendor\\laravel\\framework\\src\\Illuminate\\Database\\Query\\Builder.php(3118): Illuminate\\Database\\Query\\Builder->runSelect()
#4 C:\\Users\\fdiez\\Documents\\Dev\\hooky\\hooky-api\\vendor\\laravel\\framework\\src\\Illuminate\\Database\\Query\\Builder.php(3706): Illuminate\\Database\\Query\\Builder->Illuminate\\Database\\Query\\{closure}()
#5 C:\\Users\\fdiez\\Documents\\Dev\\hooky\\hooky-api\\vendor\\laravel\\framework\\src\\Illuminate\\Database\\Query\\Builder.php(3117): Illuminate\\Database\\Query\\Builder->onceWithColumns(Array, Object(Closure))
#6 C:\\Users\\fdiez\\Documents\\Dev\\hooky\\hooky-api\\vendor\\laravel\\framework\\src\\Illuminate\\Database\\Query\\Builder.php(3633): Illuminate\\Database\\Query\\Builder->get(Array)
#7 C:\\Users\\fdiez\\Documents\\Dev\\hooky\\hooky-api\\vendor\\laravel\\framework\\src\\Illuminate\\Database\\Query\\Builder.php(3561): Illuminate\\Database\\Query\\Builder->aggregate('count', Array)
#8 C:\\Users\\fdiez\\Documents\\Dev\\hooky\\hooky-api\\vendor\\laravel\\framework\\src\\Illuminate\\Validation\\DatabasePresenceVerifier.php(54): Illuminate\\Database\\Query\\Builder->count()
#9 C:\\Users\\fdiez\\Documents\\Dev\\hooky\\hooky-api\\vendor\\laravel\\framework\\src\\Illuminate\\Validation\\Concerns\\ValidatesAttributes.php(1027): Illuminate\\Validation\\DatabasePresenceVerifier->getCount('companies', 'email', 'studio54@email....', NULL, NULL, Array)
#10 C:\\Users\\fdiez\\Documents\\Dev\\hooky\\hooky-api\\vendor\\laravel\\framework\\src\\Illuminate\\Validation\\Validator.php(681): Illuminate\\Validation\\Validator->validateUnique('email', 'studio54@email....', Array, Object(Illuminate\\Validation\\Validator))
#11 C:\\Users\\fdiez\\Documents\\Dev\\hooky\\hooky-api\\vendor\\laravel\\framework\\src\\Illuminate\\Validation\\Validator.php(476): Illuminate\\Validation\\Validator->validateAttribute('email', 'Unique')
#12 C:\\Users\\fdiez\\Documents\\Dev\\hooky\\hooky-api\\vendor\\laravel\\framework\\src\\Illuminate\\Validation\\Validator.php(511): Illuminate\\Validation\\Validator->passes()
#13 C:\\Users\\fdiez\\Documents\\Dev\\hooky\\hooky-api\\vendor\\laravel\\framework\\src\\Illuminate\\Validation\\ValidatesWhenResolvedTrait.php(31): Illuminate\\Validation\\Validator->fails()
#14 C:\\Users\\fdiez\\Documents\\Dev\\hooky\\hooky-api\\vendor\\laravel\\framework\\src\\Illuminate\\Foundation\\Providers\\FormRequestServiceProvider.php(30): Illuminate\\Foundation\\Http\\FormRequest->validateResolved()
#15 C:\\Users\\fdiez\\Documents\\Dev\\hooky\\hooky-api\\vendor\\laravel\\framework\\src\\Illuminate\\Container\\Container.php(1413): Illuminate\\Foundation\\Providers\\FormRequestServiceProvider->Illuminate\\Foundation\\Providers\\{closure}(Object(App\\Http\\Requests\\RegisterCompanyRequest), Object(Illuminate\\Foundation\\Application))
#16 C:\\Users\\fdiez\\Documents\\Dev\\hooky\\hooky-api\\vendor\\laravel\\framework\\src\\Illuminate\\Container\\Container.php(1349): Illuminate\\Container\\Container->fireCallbackArray(Object(App\\Http\\Requests\\RegisterCompanyRequest), Array)
#17 C:\\Users\\fdiez\\Documents\\Dev\\hooky\\hooky-api\\vendor\\laravel\\framework\\src\\Illuminate\\Container\\Container.php(1335): Illuminate\\Container\\Container->fireAfterResolvingCallbacks('App\\\\Http\\\\Reques...', Object(App\\Http\\Requests\\RegisterCompanyRequest))
#18 C:\\Users\\fdiez\\Documents\\Dev\\hooky\\hooky-api\\vendor\\laravel\\framework\\src\\Illuminate\\Container\\Container.php(833): Illuminate\\Container\\Container->fireResolvingCallbacks('App\\\\Http\\\\Reques...', Object(App\\Http\\Requests\\RegisterCompanyRequest))
#19 C:\\Users\\fdiez\\Documents\\Dev\\hooky\\hooky-api\\vendor\\laravel\\framework\\src\\Illuminate\\Foundation\\Application.php(1048): Illuminate\\Container\\Container->resolve('App\\\\Http\\\\Reques...', Array, true)
#20 C:\\Users\\fdiez\\Documents\\Dev\\hooky\\hooky-api\\vendor\\laravel\\framework\\src\\Illuminate\\Container\\Container.php(751): Illuminate\\Foundation\\Application->resolve('App\\\\Http\\\\Reques...', Array)
#21 C:\\Users\\fdiez\\Documents\\Dev\\hooky\\hooky-api\\vendor\\laravel\\framework\\src\\Illuminate\\Foundation\\Application.php(1030): Illuminate\\Container\\Container->make('App\\\\Http\\\\Reques...', Array)
#22 C:\\Users\\fdiez\\Documents\\Dev\\hooky\\hooky-api\\vendor\\laravel\\framework\\src\\Illuminate\\Routing\\ResolvesRouteDependencies.php(92): Illuminate\\Foundation\\Application->make('App\\\\Http\\\\Reques...')
#23 C:\\Users\\fdiez\\Documents\\Dev\\hooky\\hooky-api\\vendor\\laravel\\framework\\src\\Illuminate\\Routing\\ResolvesRouteDependencies.php(51): Illuminate\\Routing\\ControllerDispatcher->transformDependency(Object(ReflectionParameter), Array, Object(stdClass))
#24 C:\\Users\\fdiez\\Documents\\Dev\\hooky\\hooky-api\\vendor\\laravel\\framework\\src\\Illuminate\\Routing\\ResolvesRouteDependencies.php(30): Illuminate\\Routing\\ControllerDispatcher->resolveMethodDependencies(Array, Object(ReflectionMethod))
#25 C:\\Users\\fdiez\\Documents\\Dev\\hooky\\hooky-api\\vendor\\laravel\\framework\\src\\Illuminate\\Routing\\ControllerDispatcher.php(59): Illuminate\\Routing\\ControllerDispatcher->resolveClassMethodDependencies(Array, Object(App\\Http\\Controllers\\AuthController), 'registerCompany')
#26 C:\\Users\\fdiez\\Documents\\Dev\\hooky\\hooky-api\\vendor\\laravel\\framework\\src\\Illuminate\\Routing\\ControllerDispatcher.php(40): Illuminate\\Routing\\ControllerDispatcher->resolveParameters(Object(Illuminate\\Routing\\Route), Object(App\\Http\\Controllers\\AuthController), 'registerCompany')
#27 C:\\Users\\fdiez\\Documents\\Dev\\hooky\\hooky-api\\vendor\\laravel\\framework\\src\\Illuminate\\Routing\\Route.php(264): Illuminate\\Routing\\ControllerDispatcher->dispatch(Object(Illuminate\\Routing\\Route), Object(App\\Http\\Controllers\\AuthController), 'registerCompany')
#28 C:\\Users\\fdiez\\Documents\\Dev\\hooky\\hooky-api\\vendor\\laravel\\framework\\src\\Illuminate\\Routing\\Route.php(210): Illuminate\\Routing\\Route->runController()
#29 C:\\Users\\fdiez\\Documents\\Dev\\hooky\\hooky-api\\vendor\\laravel\\framework\\src\\Illuminate\\Routing\\Router.php(808): Illuminate\\Routing\\Route->run()
#30 C:\\Users\\fdiez\\Documents\\Dev\\hooky\\hooky-api\\vendor\\laravel\\framework\\src\\Illuminate\\Pipeline\\Pipeline.php(144): Illuminate\\Routing\\Router->Illuminate\\Routing\\{closure}(Object(Illuminate\\Http\\Request))
#31 C:\\Users\\fdiez\\Documents\\Dev\\hooky\\hooky-api\\vendor\\laravel\\framework\\src\\Illuminate\\Routing\\Middleware\\SubstituteBindings.php(51): Illuminate\\Pipeline\\Pipeline->Illuminate\\Pipeline\\{closure}(Object(Illuminate\\Http\\Request))
#32 C:\\Users\\fdiez\\Documents\\Dev\\hooky\\hooky-api\\vendor\\laravel\\framework\\src\\Illuminate\\Pipeline\\Pipeline.php(183): Illuminate\\Routing\\Middleware\\SubstituteBindings->handle(Object(Illuminate\\Http\\Request), Object(Closure))
#33 C:\\Users\\fdiez\\Documents\\Dev\\hooky\\hooky-api\\vendor\\laravel\\framework\\src\\Illuminate\\Pipeline\\Pipeline.php(119): Illuminate\\Pipeline\\Pipeline->Illuminate\\Pipeline\\{closure}(Object(Illuminate\\Http\\Request))
#34 C:\\Users\\fdiez\\Documents\\Dev\\hooky\\hooky-api\\vendor\\laravel\\framework\\src\\Illuminate\\Routing\\Router.php(807): Illuminate\\Pipeline\\Pipeline->then(Object(Closure))
#35 C:\\Users\\fdiez\\Documents\\Dev\\hooky\\hooky-api\\vendor\\laravel\\framework\\src\\Illuminate\\Routing\\Router.php(786): Illuminate\\Routing\\Router->runRouteWithinStack(Object(Illuminate\\Routing\\Route), Object(Illuminate\\Http\\Request))
#36 C:\\Users\\fdiez\\Documents\\Dev\\hooky\\hooky-api\\vendor\\laravel\\framework\\src\\Illuminate\\Routing\\Router.php(750): Illuminate\\Routing\\Router->runRoute(Object(Illuminate\\Http\\Request), Object(Illuminate\\Routing\\Route))
#37 C:\\Users\\fdiez\\Documents\\Dev\\hooky\\hooky-api\\vendor\\laravel\\framework\\src\\Illuminate\\Routing\\Router.php(739): Illuminate\\Routing\\Router->dispatchToRoute(Object(Illuminate\\Http\\Request))
#38 C:\\Users\\fdiez\\Documents\\Dev\\hooky\\hooky-api\\vendor\\laravel\\framework\\src\\Illuminate\\Foundation\\Http\\Kernel.php(201): Illuminate\\Routing\\Router->dispatch(Object(Illuminate\\Http\\Request))
#39 C:\\Users\\fdiez\\Documents\\Dev\\hooky\\hooky-api\\vendor\\laravel\\framework\\src\\Illuminate\\Pipeline\\Pipeline.php(144): Illuminate\\Foundation\\Http\\Kernel->Illuminate\\Foundation\\Http\\{closure}(Object(Illuminate\\Http\\Request))
#40 C:\\Users\\fdiez\\Documents\\Dev\\hooky\\hooky-api\\vendor\\laravel\\framework\\src\\Illuminate\\Foundation\\Http\\Middleware\\TransformsRequest.php(21): Illuminate\\Pipeline\\Pipeline->Illuminate\\Pipeline\\{closure}(Object(Illuminate\\Http\\Request))
#41 C:\\Users\\fdiez\\Documents\\Dev\\hooky\\hooky-api\\vendor\\laravel\\framework\\src\\Illuminate\\Foundation\\Http\\Middleware\\ConvertEmptyStringsToNull.php(31): Illuminate\\Foundation\\Http\\Middleware\\TransformsRequest->handle(Object(Illuminate\\Http\\Request), Object(Closure))
#42 C:\\Users\\fdiez\\Documents\\Dev\\hooky\\hooky-api\\vendor\\laravel\\framework\\src\\Illuminate\\Pipeline\\Pipeline.php(183): Illuminate\\Foundation\\Http\\Middleware\\ConvertEmptyStringsToNull->handle(Object(Illuminate\\Http\\Request), Object(Closure))
#43 C:\\Users\\fdiez\\Documents\\Dev\\hooky\\hooky-api\\vendor\\laravel\\framework\\src\\Illuminate\\Foundation\\Http\\Middleware\\TransformsRequest.php(21): Illuminate\\Pipeline\\Pipeline->Illuminate\\Pipeline\\{closure}(Object(Illuminate\\Http\\Request))
#44 C:\\Users\\fdiez\\Documents\\Dev\\hooky\\hooky-api\\vendor\\laravel\\framework\\src\\Illuminate\\Foundation\\Http\\Middleware\\TrimStrings.php(51): Illuminate\\Foundation\\Http\\Middleware\\TransformsRequest->handle(Object(Illuminate\\Http\\Request), Object(Closure))
#45 C:\\Users\\fdiez\\Documents\\Dev\\hooky\\hooky-api\\vendor\\laravel\\framework\\src\\Illuminate\\Pipeline\\Pipeline.php(183): Illuminate\\Foundation\\Http\\Middleware\\TrimStrings->handle(Object(Illuminate\\Http\\Request), Object(Closure))
#46 C:\\Users\\fdiez\\Documents\\Dev\\hooky\\hooky-api\\vendor\\laravel\\framework\\src\\Illuminate\\Http\\Middleware\\ValidatePostSize.php(27): Illuminate\\Pipeline\\Pipeline->Illuminate\\Pipeline\\{closure}(Object(Illuminate\\Http\\Request))
#47 C:\\Users\\fdiez\\Documents\\Dev\\hooky\\hooky-api\\vendor\\laravel\\framework\\src\\Illuminate\\Pipeline\\Pipeline.php(183): Illuminate\\Http\\Middleware\\ValidatePostSize->handle(Object(Illuminate\\Http\\Request), Object(Closure))
#48 C:\\Users\\fdiez\\Documents\\Dev\\hooky\\hooky-api\\vendor\\laravel\\framework\\src\\Illuminate\\Foundation\\Http\\Middleware\\PreventRequestsDuringMaintenance.php(110): Illuminate\\Pipeline\\Pipeline->Illuminate\\Pipeline\\{closure}(Object(Illuminate\\Http\\Request))
#49 C:\\Users\\fdiez\\Documents\\Dev\\hooky\\hooky-api\\vendor\\laravel\\framework\\src\\Illuminate\\Pipeline\\Pipeline.php(183): Illuminate\\Foundation\\Http\\Middleware\\PreventRequestsDuringMaintenance->handle(Object(Illuminate\\Http\\Request), Object(Closure))
#50 C:\\Users\\fdiez\\Documents\\Dev\\hooky\\hooky-api\\vendor\\laravel\\framework\\src\\Illuminate\\Http\\Middleware\\HandleCors.php(62): Illuminate\\Pipeline\\Pipeline->Illuminate\\Pipeline\\{closure}(Object(Illuminate\\Http\\Request))
#51 C:\\Users\\fdiez\\Documents\\Dev\\hooky\\hooky-api\\vendor\\laravel\\framework\\src\\Illuminate\\Pipeline\\Pipeline.php(183): Illuminate\\Http\\Middleware\\HandleCors->handle(Object(Illuminate\\Http\\Request), Object(Closure))
#52 C:\\Users\\fdiez\\Documents\\Dev\\hooky\\hooky-api\\vendor\\laravel\\framework\\src\\Illuminate\\Http\\Middleware\\TrustProxies.php(58): Illuminate\\Pipeline\\Pipeline->Illuminate\\Pipeline\\{closure}(Object(Illuminate\\Http\\Request))
#53 C:\\Users\\fdiez\\Documents\\Dev\\hooky\\hooky-api\\vendor\\laravel\\framework\\src\\Illuminate\\Pipeline\\Pipeline.php(183): Illuminate\\Http\\Middleware\\TrustProxies->handle(Object(Illuminate\\Http\\Request), Object(Closure))
#54 C:\\Users\\fdiez\\Documents\\Dev\\hooky\\hooky-api\\vendor\\laravel\\framework\\src\\Illuminate\\Foundation\\Http\\Middleware\\InvokeDeferredCallbacks.php(22): Illuminate\\Pipeline\\Pipeline->Illuminate\\Pipeline\\{closure}(Object(Illuminate\\Http\\Request))
#55 C:\\Users\\fdiez\\Documents\\Dev\\hooky\\hooky-api\\vendor\\laravel\\framework\\src\\Illuminate\\Pipeline\\Pipeline.php(183): Illuminate\\Foundation\\Http\\Middleware\\InvokeDeferredCallbacks->handle(Object(Illuminate\\Http\\Request), Object(Closure))
#56 C:\\Users\\fdiez\\Documents\\Dev\\hooky\\hooky-api\\vendor\\laravel\\framework\\src\\Illuminate\\Pipeline\\Pipeline.php(119): Illuminate\\Pipeline\\Pipeline->Illuminate\\Pipeline\\{closure}(Object(Illuminate\\Http\\Request))
#57 C:\\Users\\fdiez\\Documents\\Dev\\hooky\\hooky-api\\vendor\\laravel\\framework\\src\\Illuminate\\Foundation\\Http\\Kernel.php(176): Illuminate\\Pipeline\\Pipeline->then(Object(Closure))
#58 C:\\Users\\fdiez\\Documents\\Dev\\hooky\\hooky-api\\vendor\\laravel\\framework\\src\\Illuminate\\Foundation\\Http\\Kernel.php(145): Illuminate\\Foundation\\Http\\Kernel->sendRequestThroughRouter(Object(Illuminate\\Http\\Request))
#59 C:\\Users\\fdiez\\Documents\\Dev\\hooky\\hooky-api\\vendor\\laravel\\framework\\src\\Illuminate\\Foundation\\Application.php(1190): Illuminate\\Foundation\\Http\\Kernel->handle(Object(Illuminate\\Http\\Request))
#60 C:\\Users\\fdiez\\Documents\\Dev\\hooky\\hooky-api\\public\\index.php(17): Illuminate\\Foundation\\Application->handleRequest(Object(Illuminate\\Http\\Request))
#61 C:\\Users\\fdiez\\Documents\\Dev\\hooky\\hooky-api\\vendor\\laravel\\framework\\src\\Illuminate\\Foundation\\resources\\server.php(23): require_once('C:\\\\Users\\\\fdiez\\\\...')
#62 {main}

[previous exception] [object] (PDOException(code: 2002): SQLSTATE[HY000] [2002] No se puede establecer una conexión ya que el equipo de destino denegó expresamente dicha conexión at C:\\Users\\fdiez\\Documents\\Dev\\hooky\\hooky-api\\vendor\\laravel\\framework\\src\\Illuminate\\Database\\Connectors\\Connector.php:66)
[stacktrace]
#0 C:\\Users\\fdiez\\Documents\\Dev\\hooky\\hooky-api\\vendor\\laravel\\framework\\src\\Illuminate\\Database\\Connectors\\Connector.php(66): PDO->__construct('mysql:host=127....', 'root', Object(SensitiveParameterValue), Array)
#1 C:\\Users\\fdiez\\Documents\\Dev\\hooky\\hooky-api\\vendor\\laravel\\framework\\src\\Illuminate\\Database\\Connectors\\Connector.php(44): Illuminate\\Database\\Connectors\\Connector->createPdoConnection('mysql:host=127....', 'root', Object(SensitiveParameterValue), Array)
#2 C:\\Users\\fdiez\\Documents\\Dev\\hooky\\hooky-api\\vendor\\laravel\\framework\\src\\Illuminate\\Database\\Connectors\\MySqlConnector.php(24): Illuminate\\Database\\Connectors\\Connector->createConnection('mysql:host=127....', Array, Array)
#3 C:\\Users\\fdiez\\Documents\\Dev\\hooky\\hooky-api\\vendor\\laravel\\framework\\src\\Illuminate\\Database\\Connectors\\ConnectionFactory.php(185): Illuminate\\Database\\Connectors\\MySqlConnector->connect(Array)
#4 [internal function]: Illuminate\\Database\\Connectors\\ConnectionFactory->Illuminate\\Database\\Connectors\\{closure}()
#5 C:\\Users\\fdiez\\Documents\\Dev\\hooky\\hooky-api\\vendor\\laravel\\framework\\src\\Illuminate\\Database\\Connection.php(1231): call_user_func(Object(Closure))
#6 C:\\Users\\fdiez\\Documents\\Dev\\hooky\\hooky-api\\vendor\\laravel\\framework\\src\\Illuminate\\Database\\Connection.php(512): Illuminate\\Database\\Connection->getPdo()
#7 C:\\Users\\fdiez\\Documents\\Dev\\hooky\\hooky-api\\vendor\\laravel\\framework\\src\\Illuminate\\Database\\Connection.php(407): Illuminate\\Database\\Connection->getPdoForSelect(false)
#8 C:\\Users\\fdiez\\Documents\\Dev\\hooky\\hooky-api\\vendor\\laravel\\framework\\src\\Illuminate\\Database\\Connection.php(812): Illuminate\\Database\\Connection->Illuminate\\Database\\{closure}('select count(*)...', Array)
#9 C:\\Users\\fdiez\\Documents\\Dev\\hooky\\hooky-api\\vendor\\laravel\\framework\\src\\Illuminate\\Database\\Connection.php(779): Illuminate\\Database\\Connection->runQueryCallback('select count(*)...', Array, Object(Closure))
#10 C:\\Users\\fdiez\\Documents\\Dev\\hooky\\hooky-api\\vendor\\laravel\\framework\\src\\Illuminate\\Database\\Connection.php(398): Illuminate\\Database\\Connection->run('select count(*)...', Array, Object(Closure))
#11 C:\\Users\\fdiez\\Documents\\Dev\\hooky\\hooky-api\\vendor\\laravel\\framework\\src\\Illuminate\\Database\\Query\\Builder.php(3133): Illuminate\\Database\\Connection->select('select count(*)...', Array, false)
#12 C:\\Users\\fdiez\\Documents\\Dev\\hooky\\hooky-api\\vendor\\laravel\\framework\\src\\Illuminate\\Database\\Query\\Builder.php(3118): Illuminate\\Database\\Query\\Builder->runSelect()
#13 C:\\Users\\fdiez\\Documents\\Dev\\hooky\\hooky-api\\vendor\\laravel\\framework\\src\\Illuminate\\Database\\Query\\Builder.php(3706): Illuminate\\Database\\Query\\Builder->Illuminate\\Database\\Query\\{closure}()
#14 C:\\Users\\fdiez\\Documents\\Dev\\hooky\\hooky-api\\vendor\\laravel\\framework\\src\\Illuminate\\Database\\Query\\Builder.php(3117): Illuminate\\Database\\Query\\Builder->onceWithColumns(Array, Object(Closure))
#15 C:\\Users\\fdiez\\Documents\\Dev\\hooky\\hooky-api\\vendor\\laravel\\framework\\src\\Illuminate\\Database\\Query\\Builder.php(3633): Illuminate\\Database\\Query\\Builder->get(Array)
#16 C:\\Users\\fdiez\\Documents\\Dev\\hooky\\hooky-api\\vendor\\laravel\\framework\\src\\Illuminate\\Database\\Query\\Builder.php(3561): Illuminate\\Database\\Query\\Builder->aggregate('count', Array)
#17 C:\\Users\\fdiez\\Documents\\Dev\\hooky\\hooky-api\\vendor\\laravel\\framework\\src\\Illuminate\\Validation\\DatabasePresenceVerifier.php(54): Illuminate\\Database\\Query\\Builder->count()
#18 C:\\Users\\fdiez\\Documents\\Dev\\hooky\\hooky-api\\vendor\\laravel\\framework\\src\\Illuminate\\Validation\\Concerns\\ValidatesAttributes.php(1027): Illuminate\\Validation\\DatabasePresenceVerifier->getCount('companies', 'email', 'studio54@email....', NULL, NULL, Array)
#19 C:\\Users\\fdiez\\Documents\\Dev\\hooky\\hooky-api\\vendor\\laravel\\framework\\src\\Illuminate\\Validation\\Validator.php(681): Illuminate\\Validation\\Validator->validateUnique('email', 'studio54@email....', Array, Object(Illuminate\\Validation\\Validator))
#20 C:\\Users\\fdiez\\Documents\\Dev\\hooky\\hooky-api\\vendor\\laravel\\framework\\src\\Illuminate\\Validation\\Validator.php(476): Illuminate\\Validation\\Validator->validateAttribute('email', 'Unique')
#21 C:\\Users\\fdiez\\Documents\\Dev\\hooky\\hooky-api\\vendor\\laravel\\framework\\src\\Illuminate\\Validation\\Validator.php(511): Illuminate\\Validation\\Validator->passes()
#22 C:\\Users\\fdiez\\Documents\\Dev\\hooky\\hooky-api\\vendor\\laravel\\framework\\src\\Illuminate\\Validation\\ValidatesWhenResolvedTrait.php(31): Illuminate\\Validation\\Validator->fails()
#23 C:\\Users\\fdiez\\Documents\\Dev\\hooky\\hooky-api\\vendor\\laravel\\framework\\src\\Illuminate\\Foundation\\Providers\\FormRequestServiceProvider.php(30): Illuminate\\Foundation\\Http\\FormRequest->validateResolved()
#24 C:\\Users\\fdiez\\Documents\\Dev\\hooky\\hooky-api\\vendor\\laravel\\framework\\src\\Illuminate\\Container\\Container.php(1413): Illuminate\\Foundation\\Providers\\FormRequestServiceProvider->Illuminate\\Foundation\\Providers\\{closure}(Object(App\\Http\\Requests\\RegisterCompanyRequest), Object(Illuminate\\Foundation\\Application))
#25 C:\\Users\\fdiez\\Documents\\Dev\\hooky\\hooky-api\\vendor\\laravel\\framework\\src\\Illuminate\\Container\\Container.php(1349): Illuminate\\Container\\Container->fireCallbackArray(Object(App\\Http\\Requests\\RegisterCompanyRequest), Array)
#26 C:\\Users\\fdiez\\Documents\\Dev\\hooky\\hooky-api\\vendor\\laravel\\framework\\src\\Illuminate\\Container\\Container.php(1335): Illuminate\\Container\\Container->fireAfterResolvingCallbacks('App\\\\Http\\\\Reques...', Object(App\\Http\\Requests\\RegisterCompanyRequest))
#27 C:\\Users\\fdiez\\Documents\\Dev\\hooky\\hooky-api\\vendor\\laravel\\framework\\src\\Illuminate\\Container\\Container.php(833): Illuminate\\Container\\Container->fireResolvingCallbacks('App\\\\Http\\\\Reques...', Object(App\\Http\\Requests\\RegisterCompanyRequest))
#28 C:\\Users\\fdiez\\Documents\\Dev\\hooky\\hooky-api\\vendor\\laravel\\framework\\src\\Illuminate\\Foundation\\Application.php(1048): Illuminate\\Container\\Container->resolve('App\\\\Http\\\\Reques...', Array, true)
#29 C:\\Users\\fdiez\\Documents\\Dev\\hooky\\hooky-api\\vendor\\laravel\\framework\\src\\Illuminate\\Container\\Container.php(751): Illuminate\\Foundation\\Application->resolve('App\\\\Http\\\\Reques...', Array)
#30 C:\\Users\\fdiez\\Documents\\Dev\\hooky\\hooky-api\\vendor\\laravel\\framework\\src\\Illuminate\\Foundation\\Application.php(1030): Illuminate\\Container\\Container->make('App\\\\Http\\\\Reques...', Array)
#31 C:\\Users\\fdiez\\Documents\\Dev\\hooky\\hooky-api\\vendor\\laravel\\framework\\src\\Illuminate\\Routing\\ResolvesRouteDependencies.php(92): Illuminate\\Foundation\\Application->make('App\\\\Http\\\\Reques...')
#32 C:\\Users\\fdiez\\Documents\\Dev\\hooky\\hooky-api\\vendor\\laravel\\framework\\src\\Illuminate\\Routing\\ResolvesRouteDependencies.php(51): Illuminate\\Routing\\ControllerDispatcher->transformDependency(Object(ReflectionParameter), Array, Object(stdClass))
#33 C:\\Users\\fdiez\\Documents\\Dev\\hooky\\hooky-api\\vendor\\laravel\\framework\\src\\Illuminate\\Routing\\ResolvesRouteDependencies.php(30): Illuminate\\Routing\\ControllerDispatcher->resolveMethodDependencies(Array, Object(ReflectionMethod))
#34 C:\\Users\\fdiez\\Documents\\Dev\\hooky\\hooky-api\\vendor\\laravel\\framework\\src\\Illuminate\\Routing\\ControllerDispatcher.php(59): Illuminate\\Routing\\ControllerDispatcher->resolveClassMethodDependencies(Array, Object(App\\Http\\Controllers\\AuthController), 'registerCompany')
#35 C:\\Users\\fdiez\\Documents\\Dev\\hooky\\hooky-api\\vendor\\laravel\\framework\\src\\Illuminate\\Routing\\ControllerDispatcher.php(40): Illuminate\\Routing\\ControllerDispatcher->resolveParameters(Object(Illuminate\\Routing\\Route), Object(App\\Http\\Controllers\\AuthController), 'registerCompany')
#36 C:\\Users\\fdiez\\Documents\\Dev\\hooky\\hooky-api\\vendor\\laravel\\framework\\src\\Illuminate\\Routing\\Route.php(264): Illuminate\\Routing\\ControllerDispatcher->dispatch(Object(Illuminate\\Routing\\Route), Object(App\\Http\\Controllers\\AuthController), 'registerCompany')
#37 C:\\Users\\fdiez\\Documents\\Dev\\hooky\\hooky-api\\vendor\\laravel\\framework\\src\\Illuminate\\Routing\\Route.php(210): Illuminate\\Routing\\Route->runController()
#38 C:\\Users\\fdiez\\Documents\\Dev\\hooky\\hooky-api\\vendor\\laravel\\framework\\src\\Illuminate\\Routing\\Router.php(808): Illuminate\\Routing\\Route->run()
#39 C:\\Users\\fdiez\\Documents\\Dev\\hooky\\hooky-api\\vendor\\laravel\\framework\\src\\Illuminate\\Pipeline\\Pipeline.php(144): Illuminate\\Routing\\Router->Illuminate\\Routing\\{closure}(Object(Illuminate\\Http\\Request))
#40 C:\\Users\\fdiez\\Documents\\Dev\\hooky\\hooky-api\\vendor\\laravel\\framework\\src\\Illuminate\\Routing\\Middleware\\SubstituteBindings.php(51): Illuminate\\Pipeline\\Pipeline->Illuminate\\Pipeline\\{closure}(Object(Illuminate\\Http\\Request))
#41 C:\\Users\\fdiez\\Documents\\Dev\\hooky\\hooky-api\\vendor\\laravel\\framework\\src\\Illuminate\\Pipeline\\Pipeline.php(183): Illuminate\\Routing\\Middleware\\SubstituteBindings->handle(Object(Illuminate\\Http\\Request), Object(Closure))
#42 C:\\Users\\fdiez\\Documents\\Dev\\hooky\\hooky-api\\vendor\\laravel\\framework\\src\\Illuminate\\Pipeline\\Pipeline.php(119): Illuminate\\Pipeline\\Pipeline->Illuminate\\Pipeline\\{closure}(Object(Illuminate\\Http\\Request))
#43 C:\\Users\\fdiez\\Documents\\Dev\\hooky\\hooky-api\\vendor\\laravel\\framework\\src\\Illuminate\\Routing\\Router.php(807): Illuminate\\Pipeline\\Pipeline->then(Object(Closure))
#44 C:\\Users\\fdiez\\Documents\\Dev\\hooky\\hooky-api\\vendor\\laravel\\framework\\src\\Illuminate\\Routing\\Router.php(786): Illuminate\\Routing\\Router->runRouteWithinStack(Object(Illuminate\\Routing\\Route), Object(Illuminate\\Http\\Request))
#45 C:\\Users\\fdiez\\Documents\\Dev\\hooky\\hooky-api\\vendor\\laravel\\framework\\src\\Illuminate\\Routing\\Router.php(750): Illuminate\\Routing\\Router->runRoute(Object(Illuminate\\Http\\Request), Object(Illuminate\\Routing\\Route))
#46 C:\\Users\\fdiez\\Documents\\Dev\\hooky\\hooky-api\\vendor\\laravel\\framework\\src\\Illuminate\\Routing\\Router.php(739): Illuminate\\Routing\\Router->dispatchToRoute(Object(Illuminate\\Http\\Request))
#47 C:\\Users\\fdiez\\Documents\\Dev\\hooky\\hooky-api\\vendor\\laravel\\framework\\src\\Illuminate\\Foundation\\Http\\Kernel.php(201): Illuminate\\Routing\\Router->dispatch(Object(Illuminate\\Http\\Request))
#48 C:\\Users\\fdiez\\Documents\\Dev\\hooky\\hooky-api\\vendor\\laravel\\framework\\src\\Illuminate\\Pipeline\\Pipeline.php(144): Illuminate\\Foundation\\Http\\Kernel->Illuminate\\Foundation\\Http\\{closure}(Object(Illuminate\\Http\\Request))
#49 C:\\Users\\fdiez\\Documents\\Dev\\hooky\\hooky-api\\vendor\\laravel\\framework\\src\\Illuminate\\Foundation\\Http\\Middleware\\TransformsRequest.php(21): Illuminate\\Pipeline\\Pipeline->Illuminate\\Pipeline\\{closure}(Object(Illuminate\\Http\\Request))
#50 C:\\Users\\fdiez\\Documents\\Dev\\hooky\\hooky-api\\vendor\\laravel\\framework\\src\\Illuminate\\Foundation\\Http\\Middleware\\ConvertEmptyStringsToNull.php(31): Illuminate\\Foundation\\Http\\Middleware\\TransformsRequest->handle(Object(Illuminate\\Http\\Request), Object(Closure))
#51 C:\\Users\\fdiez\\Documents\\Dev\\hooky\\hooky-api\\vendor\\laravel\\framework\\src\\Illuminate\\Pipeline\\Pipeline.php(183): Illuminate\\Foundation\\Http\\Middleware\\ConvertEmptyStringsToNull->handle(Object(Illuminate\\Http\\Request), Object(Closure))
#52 C:\\Users\\fdiez\\Documents\\Dev\\hooky\\hooky-api\\vendor\\laravel\\framework\\src\\Illuminate\\Foundation\\Http\\Middleware\\TransformsRequest.php(21): Illuminate\\Pipeline\\Pipeline->Illuminate\\Pipeline\\{closure}(Object(Illuminate\\Http\\Request))
#53 C:\\Users\\fdiez\\Documents\\Dev\\hooky\\hooky-api\\vendor\\laravel\\framework\\src\\Illuminate\\Foundation\\Http\\Middleware\\TrimStrings.php(51): Illuminate\\Foundation\\Http\\Middleware\\TransformsRequest->handle(Object(Illuminate\\Http\\Request), Object(Closure))
#54 C:\\Users\\fdiez\\Documents\\Dev\\hooky\\hooky-api\\vendor\\laravel\\framework\\src\\Illuminate\\Pipeline\\Pipeline.php(183): Illuminate\\Foundation\\Http\\Middleware\\TrimStrings->handle(Object(Illuminate\\Http\\Request), Object(Closure))
#55 C:\\Users\\fdiez\\Documents\\Dev\\hooky\\hooky-api\\vendor\\laravel\\framework\\src\\Illuminate\\Http\\Middleware\\ValidatePostSize.php(27): Illuminate\\Pipeline\\Pipeline->Illuminate\\Pipeline\\{closure}(Object(Illuminate\\Http\\Request))
#56 C:\\Users\\fdiez\\Documents\\Dev\\hooky\\hooky-api\\vendor\\laravel\\framework\\src\\Illuminate\\Pipeline\\Pipeline.php(183): Illuminate\\Http\\Middleware\\ValidatePostSize->handle(Object(Illuminate\\Http\\Request), Object(Closure))
#57 C:\\Users\\fdiez\\Documents\\Dev\\hooky\\hooky-api\\vendor\\laravel\\framework\\src\\Illuminate\\Foundation\\Http\\Middleware\\PreventRequestsDuringMaintenance.php(110): Illuminate\\Pipeline\\Pipeline->Illuminate\\Pipeline\\{closure}(Object(Illuminate\\Http\\Request))
#58 C:\\Users\\fdiez\\Documents\\Dev\\hooky\\hooky-api\\vendor\\laravel\\framework\\src\\Illuminate\\Pipeline\\Pipeline.php(183): Illuminate\\Foundation\\Http\\Middleware\\PreventRequestsDuringMaintenance->handle(Object(Illuminate\\Http\\Request), Object(Closure))
#59 C:\\Users\\fdiez\\Documents\\Dev\\hooky\\hooky-api\\vendor\\laravel\\framework\\src\\Illuminate\\Http\\Middleware\\HandleCors.php(62): Illuminate\\Pipeline\\Pipeline->Illuminate\\Pipeline\\{closure}(Object(Illuminate\\Http\\Request))
#60 C:\\Users\\fdiez\\Documents\\Dev\\hooky\\hooky-api\\vendor\\laravel\\framework\\src\\Illuminate\\Pipeline\\Pipeline.php(183): Illuminate\\Http\\Middleware\\HandleCors->handle(Object(Illuminate\\Http\\Request), Object(Closure))
#61 C:\\Users\\fdiez\\Documents\\Dev\\hooky\\hooky-api\\vendor\\laravel\\framework\\src\\Illuminate\\Http\\Middleware\\TrustProxies.php(58): Illuminate\\Pipeline\\Pipeline->Illuminate\\Pipeline\\{closure}(Object(Illuminate\\Http\\Request))
#62 C:\\Users\\fdiez\\Documents\\Dev\\hooky\\hooky-api\\vendor\\laravel\\framework\\src\\Illuminate\\Pipeline\\Pipeline.php(183): Illuminate\\Http\\Middleware\\TrustProxies->handle(Object(Illuminate\\Http\\Request), Object(Closure))
#63 C:\\Users\\fdiez\\Documents\\Dev\\hooky\\hooky-api\\vendor\\laravel\\framework\\src\\Illuminate\\Foundation\\Http\\Middleware\\InvokeDeferredCallbacks.php(22): Illuminate\\Pipeline\\Pipeline->Illuminate\\Pipeline\\{closure}(Object(Illuminate\\Http\\Request))
#64 C:\\Users\\fdiez\\Documents\\Dev\\hooky\\hooky-api\\vendor\\laravel\\framework\\src\\Illuminate\\Pipeline\\Pipeline.php(183): Illuminate\\Foundation\\Http\\Middleware\\InvokeDeferredCallbacks->handle(Object(Illuminate\\Http\\Request), Object(Closure))
#65 C:\\Users\\fdiez\\Documents\\Dev\\hooky\\hooky-api\\vendor\\laravel\\framework\\src\\Illuminate\\Pipeline\\Pipeline.php(119): Illuminate\\Pipeline\\Pipeline->Illuminate\\Pipeline\\{closure}(Object(Illuminate\\Http\\Request))
#66 C:\\Users\\fdiez\\Documents\\Dev\\hooky\\hooky-api\\vendor\\laravel\\framework\\src\\Illuminate\\Foundation\\Http\\Kernel.php(176): Illuminate\\Pipeline\\Pipeline->then(Object(Closure))
#67 C:\\Users\\fdiez\\Documents\\Dev\\hooky\\hooky-api\\vendor\\laravel\\framework\\src\\Illuminate\\Foundation\\Http\\Kernel.php(145): Illuminate\\Foundation\\Http\\Kernel->sendRequestThroughRouter(Object(Illuminate\\Http\\Request))
#68 C:\\Users\\fdiez\\Documents\\Dev\\hooky\\hooky-api\\vendor\\laravel\\framework\\src\\Illuminate\\Foundation\\Application.php(1190): Illuminate\\Foundation\\Http\\Kernel->handle(Object(Illuminate\\Http\\Request))
#69 C:\\Users\\fdiez\\Documents\\Dev\\hooky\\hooky-api\\public\\index.php(17): Illuminate\\Foundation\\Application->handleRequest(Object(Illuminate\\Http\\Request))
#70 C:\\Users\\fdiez\\Documents\\Dev\\hooky\\hooky-api\\vendor\\laravel\\framework\\src\\Illuminate\\Foundation\\resources\\server.php(23): require_once('C:\\\\Users\\\\fdiez\\\\...')
#71 {main}
"} 
[2025-02-01 12:00:50] local.ERROR: SQLSTATE[HY000] [2006] MySQL server has gone away (Connection: mysql, SQL: select count(*) as aggregate from `companies` where `email` = studio54@email.com) {"exception":"[object] (Illuminate\\Database\\QueryException(code: 2006): SQLSTATE[HY000] [2006] MySQL server has gone away (Connection: mysql, SQL: select count(*) as aggregate from `companies` where `email` = studio54@email.com) at C:\\Users\\fdiez\\Documents\\Dev\\hooky\\hooky-api\\vendor\\laravel\\framework\\src\\Illuminate\\Database\\Connection.php:825)
[stacktrace]
#0 C:\\Users\\fdiez\\Documents\\Dev\\hooky\\hooky-api\\vendor\\laravel\\framework\\src\\Illuminate\\Database\\Connection.php(979): Illuminate\\Database\\Connection->runQueryCallback('select count(*)...', Array, Object(Closure))
#1 C:\\Users\\fdiez\\Documents\\Dev\\hooky\\hooky-api\\vendor\\laravel\\framework\\src\\Illuminate\\Database\\Connection.php(958): Illuminate\\Database\\Connection->tryAgainIfCausedByLostConnection(Object(Illuminate\\Database\\QueryException), 'select count(*)...', Array, Object(Closure))
#2 C:\\Users\\fdiez\\Documents\\Dev\\hooky\\hooky-api\\vendor\\laravel\\framework\\src\\Illuminate\\Database\\Connection.php(781): Illuminate\\Database\\Connection->handleQueryException(Object(Illuminate\\Database\\QueryException), 'select count(*)...', Array, Object(Closure))
#3 C:\\Users\\fdiez\\Documents\\Dev\\hooky\\hooky-api\\vendor\\laravel\\framework\\src\\Illuminate\\Database\\Connection.php(398): Illuminate\\Database\\Connection->run('select count(*)...', Array, Object(Closure))
#4 C:\\Users\\fdiez\\Documents\\Dev\\hooky\\hooky-api\\vendor\\laravel\\framework\\src\\Illuminate\\Database\\Query\\Builder.php(3133): Illuminate\\Database\\Connection->select('select count(*)...', Array, false)
#5 C:\\Users\\fdiez\\Documents\\Dev\\hooky\\hooky-api\\vendor\\laravel\\framework\\src\\Illuminate\\Database\\Query\\Builder.php(3118): Illuminate\\Database\\Query\\Builder->runSelect()
#6 C:\\Users\\fdiez\\Documents\\Dev\\hooky\\hooky-api\\vendor\\laravel\\framework\\src\\Illuminate\\Database\\Query\\Builder.php(3706): Illuminate\\Database\\Query\\Builder->Illuminate\\Database\\Query\\{closure}()
#7 C:\\Users\\fdiez\\Documents\\Dev\\hooky\\hooky-api\\vendor\\laravel\\framework\\src\\Illuminate\\Database\\Query\\Builder.php(3117): Illuminate\\Database\\Query\\Builder->onceWithColumns(Array, Object(Closure))
#8 C:\\Users\\fdiez\\Documents\\Dev\\hooky\\hooky-api\\vendor\\laravel\\framework\\src\\Illuminate\\Database\\Query\\Builder.php(3633): Illuminate\\Database\\Query\\Builder->get(Array)
#9 C:\\Users\\fdiez\\Documents\\Dev\\hooky\\hooky-api\\vendor\\laravel\\framework\\src\\Illuminate\\Database\\Query\\Builder.php(3561): Illuminate\\Database\\Query\\Builder->aggregate('count', Array)
#10 C:\\Users\\fdiez\\Documents\\Dev\\hooky\\hooky-api\\vendor\\laravel\\framework\\src\\Illuminate\\Validation\\DatabasePresenceVerifier.php(54): Illuminate\\Database\\Query\\Builder->count()
#11 C:\\Users\\fdiez\\Documents\\Dev\\hooky\\hooky-api\\vendor\\laravel\\framework\\src\\Illuminate\\Validation\\Concerns\\ValidatesAttributes.php(1027): Illuminate\\Validation\\DatabasePresenceVerifier->getCount('companies', 'email', 'studio54@email....', NULL, NULL, Array)
#12 C:\\Users\\fdiez\\Documents\\Dev\\hooky\\hooky-api\\vendor\\laravel\\framework\\src\\Illuminate\\Validation\\Validator.php(681): Illuminate\\Validation\\Validator->validateUnique('email', 'studio54@email....', Array, Object(Illuminate\\Validation\\Validator))
#13 C:\\Users\\fdiez\\Documents\\Dev\\hooky\\hooky-api\\vendor\\laravel\\framework\\src\\Illuminate\\Validation\\Validator.php(476): Illuminate\\Validation\\Validator->validateAttribute('email', 'Unique')
#14 C:\\Users\\fdiez\\Documents\\Dev\\hooky\\hooky-api\\vendor\\laravel\\framework\\src\\Illuminate\\Validation\\Validator.php(511): Illuminate\\Validation\\Validator->passes()
#15 C:\\Users\\fdiez\\Documents\\Dev\\hooky\\hooky-api\\vendor\\laravel\\framework\\src\\Illuminate\\Validation\\ValidatesWhenResolvedTrait.php(31): Illuminate\\Validation\\Validator->fails()
#16 C:\\Users\\fdiez\\Documents\\Dev\\hooky\\hooky-api\\vendor\\laravel\\framework\\src\\Illuminate\\Foundation\\Providers\\FormRequestServiceProvider.php(30): Illuminate\\Foundation\\Http\\FormRequest->validateResolved()
#17 C:\\Users\\fdiez\\Documents\\Dev\\hooky\\hooky-api\\vendor\\laravel\\framework\\src\\Illuminate\\Container\\Container.php(1413): Illuminate\\Foundation\\Providers\\FormRequestServiceProvider->Illuminate\\Foundation\\Providers\\{closure}(Object(App\\Http\\Requests\\RegisterCompanyRequest), Object(Illuminate\\Foundation\\Application))
#18 C:\\Users\\fdiez\\Documents\\Dev\\hooky\\hooky-api\\vendor\\laravel\\framework\\src\\Illuminate\\Container\\Container.php(1349): Illuminate\\Container\\Container->fireCallbackArray(Object(App\\Http\\Requests\\RegisterCompanyRequest), Array)
#19 C:\\Users\\fdiez\\Documents\\Dev\\hooky\\hooky-api\\vendor\\laravel\\framework\\src\\Illuminate\\Container\\Container.php(1335): Illuminate\\Container\\Container->fireAfterResolvingCallbacks('App\\\\Http\\\\Reques...', Object(App\\Http\\Requests\\RegisterCompanyRequest))
#20 C:\\Users\\fdiez\\Documents\\Dev\\hooky\\hooky-api\\vendor\\laravel\\framework\\src\\Illuminate\\Container\\Container.php(833): Illuminate\\Container\\Container->fireResolvingCallbacks('App\\\\Http\\\\Reques...', Object(App\\Http\\Requests\\RegisterCompanyRequest))
#21 C:\\Users\\fdiez\\Documents\\Dev\\hooky\\hooky-api\\vendor\\laravel\\framework\\src\\Illuminate\\Foundation\\Application.php(1048): Illuminate\\Container\\Container->resolve('App\\\\Http\\\\Reques...', Array, true)
#22 C:\\Users\\fdiez\\Documents\\Dev\\hooky\\hooky-api\\vendor\\laravel\\framework\\src\\Illuminate\\Container\\Container.php(751): Illuminate\\Foundation\\Application->resolve('App\\\\Http\\\\Reques...', Array)
#23 C:\\Users\\fdiez\\Documents\\Dev\\hooky\\hooky-api\\vendor\\laravel\\framework\\src\\Illuminate\\Foundation\\Application.php(1030): Illuminate\\Container\\Container->make('App\\\\Http\\\\Reques...', Array)
#24 C:\\Users\\fdiez\\Documents\\Dev\\hooky\\hooky-api\\vendor\\laravel\\framework\\src\\Illuminate\\Routing\\ResolvesRouteDependencies.php(92): Illuminate\\Foundation\\Application->make('App\\\\Http\\\\Reques...')
#25 C:\\Users\\fdiez\\Documents\\Dev\\hooky\\hooky-api\\vendor\\laravel\\framework\\src\\Illuminate\\Routing\\ResolvesRouteDependencies.php(51): Illuminate\\Routing\\ControllerDispatcher->transformDependency(Object(ReflectionParameter), Array, Object(stdClass))
#26 C:\\Users\\fdiez\\Documents\\Dev\\hooky\\hooky-api\\vendor\\laravel\\framework\\src\\Illuminate\\Routing\\ResolvesRouteDependencies.php(30): Illuminate\\Routing\\ControllerDispatcher->resolveMethodDependencies(Array, Object(ReflectionMethod))
#27 C:\\Users\\fdiez\\Documents\\Dev\\hooky\\hooky-api\\vendor\\laravel\\framework\\src\\Illuminate\\Routing\\ControllerDispatcher.php(59): Illuminate\\Routing\\ControllerDispatcher->resolveClassMethodDependencies(Array, Object(App\\Http\\Controllers\\AuthController), 'registerCompany')
#28 C:\\Users\\fdiez\\Documents\\Dev\\hooky\\hooky-api\\vendor\\laravel\\framework\\src\\Illuminate\\Routing\\ControllerDispatcher.php(40): Illuminate\\Routing\\ControllerDispatcher->resolveParameters(Object(Illuminate\\Routing\\Route), Object(App\\Http\\Controllers\\AuthController), 'registerCompany')
#29 C:\\Users\\fdiez\\Documents\\Dev\\hooky\\hooky-api\\vendor\\laravel\\framework\\src\\Illuminate\\Routing\\Route.php(264): Illuminate\\Routing\\ControllerDispatcher->dispatch(Object(Illuminate\\Routing\\Route), Object(App\\Http\\Controllers\\AuthController), 'registerCompany')
#30 C:\\Users\\fdiez\\Documents\\Dev\\hooky\\hooky-api\\vendor\\laravel\\framework\\src\\Illuminate\\Routing\\Route.php(210): Illuminate\\Routing\\Route->runController()
#31 C:\\Users\\fdiez\\Documents\\Dev\\hooky\\hooky-api\\vendor\\laravel\\framework\\src\\Illuminate\\Routing\\Router.php(808): Illuminate\\Routing\\Route->run()
#32 C:\\Users\\fdiez\\Documents\\Dev\\hooky\\hooky-api\\vendor\\laravel\\framework\\src\\Illuminate\\Pipeline\\Pipeline.php(144): Illuminate\\Routing\\Router->Illuminate\\Routing\\{closure}(Object(Illuminate\\Http\\Request))
#33 C:\\Users\\fdiez\\Documents\\Dev\\hooky\\hooky-api\\vendor\\laravel\\framework\\src\\Illuminate\\Routing\\Middleware\\SubstituteBindings.php(51): Illuminate\\Pipeline\\Pipeline->Illuminate\\Pipeline\\{closure}(Object(Illuminate\\Http\\Request))
#34 C:\\Users\\fdiez\\Documents\\Dev\\hooky\\hooky-api\\vendor\\laravel\\framework\\src\\Illuminate\\Pipeline\\Pipeline.php(183): Illuminate\\Routing\\Middleware\\SubstituteBindings->handle(Object(Illuminate\\Http\\Request), Object(Closure))
#35 C:\\Users\\fdiez\\Documents\\Dev\\hooky\\hooky-api\\vendor\\laravel\\framework\\src\\Illuminate\\Pipeline\\Pipeline.php(119): Illuminate\\Pipeline\\Pipeline->Illuminate\\Pipeline\\{closure}(Object(Illuminate\\Http\\Request))
#36 C:\\Users\\fdiez\\Documents\\Dev\\hooky\\hooky-api\\vendor\\laravel\\framework\\src\\Illuminate\\Routing\\Router.php(807): Illuminate\\Pipeline\\Pipeline->then(Object(Closure))
#37 C:\\Users\\fdiez\\Documents\\Dev\\hooky\\hooky-api\\vendor\\laravel\\framework\\src\\Illuminate\\Routing\\Router.php(786): Illuminate\\Routing\\Router->runRouteWithinStack(Object(Illuminate\\Routing\\Route), Object(Illuminate\\Http\\Request))
#38 C:\\Users\\fdiez\\Documents\\Dev\\hooky\\hooky-api\\vendor\\laravel\\framework\\src\\Illuminate\\Routing\\Router.php(750): Illuminate\\Routing\\Router->runRoute(Object(Illuminate\\Http\\Request), Object(Illuminate\\Routing\\Route))
#39 C:\\Users\\fdiez\\Documents\\Dev\\hooky\\hooky-api\\vendor\\laravel\\framework\\src\\Illuminate\\Routing\\Router.php(739): Illuminate\\Routing\\Router->dispatchToRoute(Object(Illuminate\\Http\\Request))
#40 C:\\Users\\fdiez\\Documents\\Dev\\hooky\\hooky-api\\vendor\\laravel\\framework\\src\\Illuminate\\Foundation\\Http\\Kernel.php(201): Illuminate\\Routing\\Router->dispatch(Object(Illuminate\\Http\\Request))
#41 C:\\Users\\fdiez\\Documents\\Dev\\hooky\\hooky-api\\vendor\\laravel\\framework\\src\\Illuminate\\Pipeline\\Pipeline.php(144): Illuminate\\Foundation\\Http\\Kernel->Illuminate\\Foundation\\Http\\{closure}(Object(Illuminate\\Http\\Request))
#42 C:\\Users\\fdiez\\Documents\\Dev\\hooky\\hooky-api\\vendor\\laravel\\framework\\src\\Illuminate\\Foundation\\Http\\Middleware\\TransformsRequest.php(21): Illuminate\\Pipeline\\Pipeline->Illuminate\\Pipeline\\{closure}(Object(Illuminate\\Http\\Request))
#43 C:\\Users\\fdiez\\Documents\\Dev\\hooky\\hooky-api\\vendor\\laravel\\framework\\src\\Illuminate\\Foundation\\Http\\Middleware\\ConvertEmptyStringsToNull.php(31): Illuminate\\Foundation\\Http\\Middleware\\TransformsRequest->handle(Object(Illuminate\\Http\\Request), Object(Closure))
#44 C:\\Users\\fdiez\\Documents\\Dev\\hooky\\hooky-api\\vendor\\laravel\\framework\\src\\Illuminate\\Pipeline\\Pipeline.php(183): Illuminate\\Foundation\\Http\\Middleware\\ConvertEmptyStringsToNull->handle(Object(Illuminate\\Http\\Request), Object(Closure))
#45 C:\\Users\\fdiez\\Documents\\Dev\\hooky\\hooky-api\\vendor\\laravel\\framework\\src\\Illuminate\\Foundation\\Http\\Middleware\\TransformsRequest.php(21): Illuminate\\Pipeline\\Pipeline->Illuminate\\Pipeline\\{closure}(Object(Illuminate\\Http\\Request))
#46 C:\\Users\\fdiez\\Documents\\Dev\\hooky\\hooky-api\\vendor\\laravel\\framework\\src\\Illuminate\\Foundation\\Http\\Middleware\\TrimStrings.php(51): Illuminate\\Foundation\\Http\\Middleware\\TransformsRequest->handle(Object(Illuminate\\Http\\Request), Object(Closure))
#47 C:\\Users\\fdiez\\Documents\\Dev\\hooky\\hooky-api\\vendor\\laravel\\framework\\src\\Illuminate\\Pipeline\\Pipeline.php(183): Illuminate\\Foundation\\Http\\Middleware\\TrimStrings->handle(Object(Illuminate\\Http\\Request), Object(Closure))
#48 C:\\Users\\fdiez\\Documents\\Dev\\hooky\\hooky-api\\vendor\\laravel\\framework\\src\\Illuminate\\Http\\Middleware\\ValidatePostSize.php(27): Illuminate\\Pipeline\\Pipeline->Illuminate\\Pipeline\\{closure}(Object(Illuminate\\Http\\Request))
#49 C:\\Users\\fdiez\\Documents\\Dev\\hooky\\hooky-api\\vendor\\laravel\\framework\\src\\Illuminate\\Pipeline\\Pipeline.php(183): Illuminate\\Http\\Middleware\\ValidatePostSize->handle(Object(Illuminate\\Http\\Request), Object(Closure))
#50 C:\\Users\\fdiez\\Documents\\Dev\\hooky\\hooky-api\\vendor\\laravel\\framework\\src\\Illuminate\\Foundation\\Http\\Middleware\\PreventRequestsDuringMaintenance.php(110): Illuminate\\Pipeline\\Pipeline->Illuminate\\Pipeline\\{closure}(Object(Illuminate\\Http\\Request))
#51 C:\\Users\\fdiez\\Documents\\Dev\\hooky\\hooky-api\\vendor\\laravel\\framework\\src\\Illuminate\\Pipeline\\Pipeline.php(183): Illuminate\\Foundation\\Http\\Middleware\\PreventRequestsDuringMaintenance->handle(Object(Illuminate\\Http\\Request), Object(Closure))
#52 C:\\Users\\fdiez\\Documents\\Dev\\hooky\\hooky-api\\vendor\\laravel\\framework\\src\\Illuminate\\Http\\Middleware\\HandleCors.php(62): Illuminate\\Pipeline\\Pipeline->Illuminate\\Pipeline\\{closure}(Object(Illuminate\\Http\\Request))
#53 C:\\Users\\fdiez\\Documents\\Dev\\hooky\\hooky-api\\vendor\\laravel\\framework\\src\\Illuminate\\Pipeline\\Pipeline.php(183): Illuminate\\Http\\Middleware\\HandleCors->handle(Object(Illuminate\\Http\\Request), Object(Closure))
#54 C:\\Users\\fdiez\\Documents\\Dev\\hooky\\hooky-api\\vendor\\laravel\\framework\\src\\Illuminate\\Http\\Middleware\\TrustProxies.php(58): Illuminate\\Pipeline\\Pipeline->Illuminate\\Pipeline\\{closure}(Object(Illuminate\\Http\\Request))
#55 C:\\Users\\fdiez\\Documents\\Dev\\hooky\\hooky-api\\vendor\\laravel\\framework\\src\\Illuminate\\Pipeline\\Pipeline.php(183): Illuminate\\Http\\Middleware\\TrustProxies->handle(Object(Illuminate\\Http\\Request), Object(Closure))
#56 C:\\Users\\fdiez\\Documents\\Dev\\hooky\\hooky-api\\vendor\\laravel\\framework\\src\\Illuminate\\Foundation\\Http\\Middleware\\InvokeDeferredCallbacks.php(22): Illuminate\\Pipeline\\Pipeline->Illuminate\\Pipeline\\{closure}(Object(Illuminate\\Http\\Request))
#57 C:\\Users\\fdiez\\Documents\\Dev\\hooky\\hooky-api\\vendor\\laravel\\framework\\src\\Illuminate\\Pipeline\\Pipeline.php(183): Illuminate\\Foundation\\Http\\Middleware\\InvokeDeferredCallbacks->handle(Object(Illuminate\\Http\\Request), Object(Closure))
#58 C:\\Users\\fdiez\\Documents\\Dev\\hooky\\hooky-api\\vendor\\laravel\\framework\\src\\Illuminate\\Pipeline\\Pipeline.php(119): Illuminate\\Pipeline\\Pipeline->Illuminate\\Pipeline\\{closure}(Object(Illuminate\\Http\\Request))
#59 C:\\Users\\fdiez\\Documents\\Dev\\hooky\\hooky-api\\vendor\\laravel\\framework\\src\\Illuminate\\Foundation\\Http\\Kernel.php(176): Illuminate\\Pipeline\\Pipeline->then(Object(Closure))
#60 C:\\Users\\fdiez\\Documents\\Dev\\hooky\\hooky-api\\vendor\\laravel\\framework\\src\\Illuminate\\Foundation\\Http\\Kernel.php(145): Illuminate\\Foundation\\Http\\Kernel->sendRequestThroughRouter(Object(Illuminate\\Http\\Request))
#61 C:\\Users\\fdiez\\Documents\\Dev\\hooky\\hooky-api\\vendor\\laravel\\framework\\src\\Illuminate\\Foundation\\Application.php(1190): Illuminate\\Foundation\\Http\\Kernel->handle(Object(Illuminate\\Http\\Request))
#62 C:\\Users\\fdiez\\Documents\\Dev\\hooky\\hooky-api\\public\\index.php(17): Illuminate\\Foundation\\Application->handleRequest(Object(Illuminate\\Http\\Request))
#63 C:\\Users\\fdiez\\Documents\\Dev\\hooky\\hooky-api\\vendor\\laravel\\framework\\src\\Illuminate\\Foundation\\resources\\server.php(23): require_once('C:\\\\Users\\\\fdiez\\\\...')
#64 {main}

[previous exception] [object] (PDOException(code: 2006): SQLSTATE[HY000] [2006] MySQL server has gone away at C:\\Users\\fdiez\\Documents\\Dev\\hooky\\hooky-api\\vendor\\laravel\\framework\\src\\Illuminate\\Database\\Connectors\\Connector.php:66)
[stacktrace]
#0 C:\\Users\\fdiez\\Documents\\Dev\\hooky\\hooky-api\\vendor\\laravel\\framework\\src\\Illuminate\\Database\\Connectors\\Connector.php(66): PDO->__construct('mysql:host=127....', 'root', Object(SensitiveParameterValue), Array)
#1 C:\\Users\\fdiez\\Documents\\Dev\\hooky\\hooky-api\\vendor\\laravel\\framework\\src\\Illuminate\\Database\\Connectors\\Connector.php(85): Illuminate\\Database\\Connectors\\Connector->createPdoConnection('mysql:host=127....', 'root', Object(SensitiveParameterValue), Array)
#2 C:\\Users\\fdiez\\Documents\\Dev\\hooky\\hooky-api\\vendor\\laravel\\framework\\src\\Illuminate\\Database\\Connectors\\Connector.php(48): Illuminate\\Database\\Connectors\\Connector->tryAgainIfCausedByLostConnection(Object(PDOException), 'mysql:host=127....', 'root', Object(SensitiveParameterValue), Array)
#3 C:\\Users\\fdiez\\Documents\\Dev\\hooky\\hooky-api\\vendor\\laravel\\framework\\src\\Illuminate\\Database\\Connectors\\MySqlConnector.php(24): Illuminate\\Database\\Connectors\\Connector->createConnection('mysql:host=127....', Array, Array)
#4 C:\\Users\\fdiez\\Documents\\Dev\\hooky\\hooky-api\\vendor\\laravel\\framework\\src\\Illuminate\\Database\\Connectors\\ConnectionFactory.php(185): Illuminate\\Database\\Connectors\\MySqlConnector->connect(Array)
#5 [internal function]: Illuminate\\Database\\Connectors\\ConnectionFactory->Illuminate\\Database\\Connectors\\{closure}()
#6 C:\\Users\\fdiez\\Documents\\Dev\\hooky\\hooky-api\\vendor\\laravel\\framework\\src\\Illuminate\\Database\\Connection.php(1231): call_user_func(Object(Closure))
#7 C:\\Users\\fdiez\\Documents\\Dev\\hooky\\hooky-api\\vendor\\laravel\\framework\\src\\Illuminate\\Database\\Connection.php(512): Illuminate\\Database\\Connection->getPdo()
#8 C:\\Users\\fdiez\\Documents\\Dev\\hooky\\hooky-api\\vendor\\laravel\\framework\\src\\Illuminate\\Database\\Connection.php(407): Illuminate\\Database\\Connection->getPdoForSelect(false)
#9 C:\\Users\\fdiez\\Documents\\Dev\\hooky\\hooky-api\\vendor\\laravel\\framework\\src\\Illuminate\\Database\\Connection.php(812): Illuminate\\Database\\Connection->Illuminate\\Database\\{closure}('select count(*)...', Array)
#10 C:\\Users\\fdiez\\Documents\\Dev\\hooky\\hooky-api\\vendor\\laravel\\framework\\src\\Illuminate\\Database\\Connection.php(979): Illuminate\\Database\\Connection->runQueryCallback('select count(*)...', Array, Object(Closure))
#11 C:\\Users\\fdiez\\Documents\\Dev\\hooky\\hooky-api\\vendor\\laravel\\framework\\src\\Illuminate\\Database\\Connection.php(958): Illuminate\\Database\\Connection->tryAgainIfCausedByLostConnection(Object(Illuminate\\Database\\QueryException), 'select count(*)...', Array, Object(Closure))
#12 C:\\Users\\fdiez\\Documents\\Dev\\hooky\\hooky-api\\vendor\\laravel\\framework\\src\\Illuminate\\Database\\Connection.php(781): Illuminate\\Database\\Connection->handleQueryException(Object(Illuminate\\Database\\QueryException), 'select count(*)...', Array, Object(Closure))
#13 C:\\Users\\fdiez\\Documents\\Dev\\hooky\\hooky-api\\vendor\\laravel\\framework\\src\\Illuminate\\Database\\Connection.php(398): Illuminate\\Database\\Connection->run('select count(*)...', Array, Object(Closure))
#14 C:\\Users\\fdiez\\Documents\\Dev\\hooky\\hooky-api\\vendor\\laravel\\framework\\src\\Illuminate\\Database\\Query\\Builder.php(3133): Illuminate\\Database\\Connection->select('select count(*)...', Array, false)
#15 C:\\Users\\fdiez\\Documents\\Dev\\hooky\\hooky-api\\vendor\\laravel\\framework\\src\\Illuminate\\Database\\Query\\Builder.php(3118): Illuminate\\Database\\Query\\Builder->runSelect()
#16 C:\\Users\\fdiez\\Documents\\Dev\\hooky\\hooky-api\\vendor\\laravel\\framework\\src\\Illuminate\\Database\\Query\\Builder.php(3706): Illuminate\\Database\\Query\\Builder->Illuminate\\Database\\Query\\{closure}()
#17 C:\\Users\\fdiez\\Documents\\Dev\\hooky\\hooky-api\\vendor\\laravel\\framework\\src\\Illuminate\\Database\\Query\\Builder.php(3117): Illuminate\\Database\\Query\\Builder->onceWithColumns(Array, Object(Closure))
#18 C:\\Users\\fdiez\\Documents\\Dev\\hooky\\hooky-api\\vendor\\laravel\\framework\\src\\Illuminate\\Database\\Query\\Builder.php(3633): Illuminate\\Database\\Query\\Builder->get(Array)
#19 C:\\Users\\fdiez\\Documents\\Dev\\hooky\\hooky-api\\vendor\\laravel\\framework\\src\\Illuminate\\Database\\Query\\Builder.php(3561): Illuminate\\Database\\Query\\Builder->aggregate('count', Array)
#20 C:\\Users\\fdiez\\Documents\\Dev\\hooky\\hooky-api\\vendor\\laravel\\framework\\src\\Illuminate\\Validation\\DatabasePresenceVerifier.php(54): Illuminate\\Database\\Query\\Builder->count()
#21 C:\\Users\\fdiez\\Documents\\Dev\\hooky\\hooky-api\\vendor\\laravel\\framework\\src\\Illuminate\\Validation\\Concerns\\ValidatesAttributes.php(1027): Illuminate\\Validation\\DatabasePresenceVerifier->getCount('companies', 'email', 'studio54@email....', NULL, NULL, Array)
#22 C:\\Users\\fdiez\\Documents\\Dev\\hooky\\hooky-api\\vendor\\laravel\\framework\\src\\Illuminate\\Validation\\Validator.php(681): Illuminate\\Validation\\Validator->validateUnique('email', 'studio54@email....', Array, Object(Illuminate\\Validation\\Validator))
#23 C:\\Users\\fdiez\\Documents\\Dev\\hooky\\hooky-api\\vendor\\laravel\\framework\\src\\Illuminate\\Validation\\Validator.php(476): Illuminate\\Validation\\Validator->validateAttribute('email', 'Unique')
#24 C:\\Users\\fdiez\\Documents\\Dev\\hooky\\hooky-api\\vendor\\laravel\\framework\\src\\Illuminate\\Validation\\Validator.php(511): Illuminate\\Validation\\Validator->passes()
#25 C:\\Users\\fdiez\\Documents\\Dev\\hooky\\hooky-api\\vendor\\laravel\\framework\\src\\Illuminate\\Validation\\ValidatesWhenResolvedTrait.php(31): Illuminate\\Validation\\Validator->fails()
#26 C:\\Users\\fdiez\\Documents\\Dev\\hooky\\hooky-api\\vendor\\laravel\\framework\\src\\Illuminate\\Foundation\\Providers\\FormRequestServiceProvider.php(30): Illuminate\\Foundation\\Http\\FormRequest->validateResolved()
#27 C:\\Users\\fdiez\\Documents\\Dev\\hooky\\hooky-api\\vendor\\laravel\\framework\\src\\Illuminate\\Container\\Container.php(1413): Illuminate\\Foundation\\Providers\\FormRequestServiceProvider->Illuminate\\Foundation\\Providers\\{closure}(Object(App\\Http\\Requests\\RegisterCompanyRequest), Object(Illuminate\\Foundation\\Application))
#28 C:\\Users\\fdiez\\Documents\\Dev\\hooky\\hooky-api\\vendor\\laravel\\framework\\src\\Illuminate\\Container\\Container.php(1349): Illuminate\\Container\\Container->fireCallbackArray(Object(App\\Http\\Requests\\RegisterCompanyRequest), Array)
#29 C:\\Users\\fdiez\\Documents\\Dev\\hooky\\hooky-api\\vendor\\laravel\\framework\\src\\Illuminate\\Container\\Container.php(1335): Illuminate\\Container\\Container->fireAfterResolvingCallbacks('App\\\\Http\\\\Reques...', Object(App\\Http\\Requests\\RegisterCompanyRequest))
#30 C:\\Users\\fdiez\\Documents\\Dev\\hooky\\hooky-api\\vendor\\laravel\\framework\\src\\Illuminate\\Container\\Container.php(833): Illuminate\\Container\\Container->fireResolvingCallbacks('App\\\\Http\\\\Reques...', Object(App\\Http\\Requests\\RegisterCompanyRequest))
#31 C:\\Users\\fdiez\\Documents\\Dev\\hooky\\hooky-api\\vendor\\laravel\\framework\\src\\Illuminate\\Foundation\\Application.php(1048): Illuminate\\Container\\Container->resolve('App\\\\Http\\\\Reques...', Array, true)
#32 C:\\Users\\fdiez\\Documents\\Dev\\hooky\\hooky-api\\vendor\\laravel\\framework\\src\\Illuminate\\Container\\Container.php(751): Illuminate\\Foundation\\Application->resolve('App\\\\Http\\\\Reques...', Array)
#33 C:\\Users\\fdiez\\Documents\\Dev\\hooky\\hooky-api\\vendor\\laravel\\framework\\src\\Illuminate\\Foundation\\Application.php(1030): Illuminate\\Container\\Container->make('App\\\\Http\\\\Reques...', Array)
#34 C:\\Users\\fdiez\\Documents\\Dev\\hooky\\hooky-api\\vendor\\laravel\\framework\\src\\Illuminate\\Routing\\ResolvesRouteDependencies.php(92): Illuminate\\Foundation\\Application->make('App\\\\Http\\\\Reques...')
#35 C:\\Users\\fdiez\\Documents\\Dev\\hooky\\hooky-api\\vendor\\laravel\\framework\\src\\Illuminate\\Routing\\ResolvesRouteDependencies.php(51): Illuminate\\Routing\\ControllerDispatcher->transformDependency(Object(ReflectionParameter), Array, Object(stdClass))
#36 C:\\Users\\fdiez\\Documents\\Dev\\hooky\\hooky-api\\vendor\\laravel\\framework\\src\\Illuminate\\Routing\\ResolvesRouteDependencies.php(30): Illuminate\\Routing\\ControllerDispatcher->resolveMethodDependencies(Array, Object(ReflectionMethod))
#37 C:\\Users\\fdiez\\Documents\\Dev\\hooky\\hooky-api\\vendor\\laravel\\framework\\src\\Illuminate\\Routing\\ControllerDispatcher.php(59): Illuminate\\Routing\\ControllerDispatcher->resolveClassMethodDependencies(Array, Object(App\\Http\\Controllers\\AuthController), 'registerCompany')
#38 C:\\Users\\fdiez\\Documents\\Dev\\hooky\\hooky-api\\vendor\\laravel\\framework\\src\\Illuminate\\Routing\\ControllerDispatcher.php(40): Illuminate\\Routing\\ControllerDispatcher->resolveParameters(Object(Illuminate\\Routing\\Route), Object(App\\Http\\Controllers\\AuthController), 'registerCompany')
#39 C:\\Users\\fdiez\\Documents\\Dev\\hooky\\hooky-api\\vendor\\laravel\\framework\\src\\Illuminate\\Routing\\Route.php(264): Illuminate\\Routing\\ControllerDispatcher->dispatch(Object(Illuminate\\Routing\\Route), Object(App\\Http\\Controllers\\AuthController), 'registerCompany')
#40 C:\\Users\\fdiez\\Documents\\Dev\\hooky\\hooky-api\\vendor\\laravel\\framework\\src\\Illuminate\\Routing\\Route.php(210): Illuminate\\Routing\\Route->runController()
#41 C:\\Users\\fdiez\\Documents\\Dev\\hooky\\hooky-api\\vendor\\laravel\\framework\\src\\Illuminate\\Routing\\Router.php(808): Illuminate\\Routing\\Route->run()
#42 C:\\Users\\fdiez\\Documents\\Dev\\hooky\\hooky-api\\vendor\\laravel\\framework\\src\\Illuminate\\Pipeline\\Pipeline.php(144): Illuminate\\Routing\\Router->Illuminate\\Routing\\{closure}(Object(Illuminate\\Http\\Request))
#43 C:\\Users\\fdiez\\Documents\\Dev\\hooky\\hooky-api\\vendor\\laravel\\framework\\src\\Illuminate\\Routing\\Middleware\\SubstituteBindings.php(51): Illuminate\\Pipeline\\Pipeline->Illuminate\\Pipeline\\{closure}(Object(Illuminate\\Http\\Request))
#44 C:\\Users\\fdiez\\Documents\\Dev\\hooky\\hooky-api\\vendor\\laravel\\framework\\src\\Illuminate\\Pipeline\\Pipeline.php(183): Illuminate\\Routing\\Middleware\\SubstituteBindings->handle(Object(Illuminate\\Http\\Request), Object(Closure))
#45 C:\\Users\\fdiez\\Documents\\Dev\\hooky\\hooky-api\\vendor\\laravel\\framework\\src\\Illuminate\\Pipeline\\Pipeline.php(119): Illuminate\\Pipeline\\Pipeline->Illuminate\\Pipeline\\{closure}(Object(Illuminate\\Http\\Request))
#46 C:\\Users\\fdiez\\Documents\\Dev\\hooky\\hooky-api\\vendor\\laravel\\framework\\src\\Illuminate\\Routing\\Router.php(807): Illuminate\\Pipeline\\Pipeline->then(Object(Closure))
#47 C:\\Users\\fdiez\\Documents\\Dev\\hooky\\hooky-api\\vendor\\laravel\\framework\\src\\Illuminate\\Routing\\Router.php(786): Illuminate\\Routing\\Router->runRouteWithinStack(Object(Illuminate\\Routing\\Route), Object(Illuminate\\Http\\Request))
#48 C:\\Users\\fdiez\\Documents\\Dev\\hooky\\hooky-api\\vendor\\laravel\\framework\\src\\Illuminate\\Routing\\Router.php(750): Illuminate\\Routing\\Router->runRoute(Object(Illuminate\\Http\\Request), Object(Illuminate\\Routing\\Route))
#49 C:\\Users\\fdiez\\Documents\\Dev\\hooky\\hooky-api\\vendor\\laravel\\framework\\src\\Illuminate\\Routing\\Router.php(739): Illuminate\\Routing\\Router->dispatchToRoute(Object(Illuminate\\Http\\Request))
#50 C:\\Users\\fdiez\\Documents\\Dev\\hooky\\hooky-api\\vendor\\laravel\\framework\\src\\Illuminate\\Foundation\\Http\\Kernel.php(201): Illuminate\\Routing\\Router->dispatch(Object(Illuminate\\Http\\Request))
#51 C:\\Users\\fdiez\\Documents\\Dev\\hooky\\hooky-api\\vendor\\laravel\\framework\\src\\Illuminate\\Pipeline\\Pipeline.php(144): Illuminate\\Foundation\\Http\\Kernel->Illuminate\\Foundation\\Http\\{closure}(Object(Illuminate\\Http\\Request))
#52 C:\\Users\\fdiez\\Documents\\Dev\\hooky\\hooky-api\\vendor\\laravel\\framework\\src\\Illuminate\\Foundation\\Http\\Middleware\\TransformsRequest.php(21): Illuminate\\Pipeline\\Pipeline->Illuminate\\Pipeline\\{closure}(Object(Illuminate\\Http\\Request))
#53 C:\\Users\\fdiez\\Documents\\Dev\\hooky\\hooky-api\\vendor\\laravel\\framework\\src\\Illuminate\\Foundation\\Http\\Middleware\\ConvertEmptyStringsToNull.php(31): Illuminate\\Foundation\\Http\\Middleware\\TransformsRequest->handle(Object(Illuminate\\Http\\Request), Object(Closure))
#54 C:\\Users\\fdiez\\Documents\\Dev\\hooky\\hooky-api\\vendor\\laravel\\framework\\src\\Illuminate\\Pipeline\\Pipeline.php(183): Illuminate\\Foundation\\Http\\Middleware\\ConvertEmptyStringsToNull->handle(Object(Illuminate\\Http\\Request), Object(Closure))
#55 C:\\Users\\fdiez\\Documents\\Dev\\hooky\\hooky-api\\vendor\\laravel\\framework\\src\\Illuminate\\Foundation\\Http\\Middleware\\TransformsRequest.php(21): Illuminate\\Pipeline\\Pipeline->Illuminate\\Pipeline\\{closure}(Object(Illuminate\\Http\\Request))
#56 C:\\Users\\fdiez\\Documents\\Dev\\hooky\\hooky-api\\vendor\\laravel\\framework\\src\\Illuminate\\Foundation\\Http\\Middleware\\TrimStrings.php(51): Illuminate\\Foundation\\Http\\Middleware\\TransformsRequest->handle(Object(Illuminate\\Http\\Request), Object(Closure))
#57 C:\\Users\\fdiez\\Documents\\Dev\\hooky\\hooky-api\\vendor\\laravel\\framework\\src\\Illuminate\\Pipeline\\Pipeline.php(183): Illuminate\\Foundation\\Http\\Middleware\\TrimStrings->handle(Object(Illuminate\\Http\\Request), Object(Closure))
#58 C:\\Users\\fdiez\\Documents\\Dev\\hooky\\hooky-api\\vendor\\laravel\\framework\\src\\Illuminate\\Http\\Middleware\\ValidatePostSize.php(27): Illuminate\\Pipeline\\Pipeline->Illuminate\\Pipeline\\{closure}(Object(Illuminate\\Http\\Request))
#59 C:\\Users\\fdiez\\Documents\\Dev\\hooky\\hooky-api\\vendor\\laravel\\framework\\src\\Illuminate\\Pipeline\\Pipeline.php(183): Illuminate\\Http\\Middleware\\ValidatePostSize->handle(Object(Illuminate\\Http\\Request), Object(Closure))
#60 C:\\Users\\fdiez\\Documents\\Dev\\hooky\\hooky-api\\vendor\\laravel\\framework\\src\\Illuminate\\Foundation\\Http\\Middleware\\PreventRequestsDuringMaintenance.php(110): Illuminate\\Pipeline\\Pipeline->Illuminate\\Pipeline\\{closure}(Object(Illuminate\\Http\\Request))
#61 C:\\Users\\fdiez\\Documents\\Dev\\hooky\\hooky-api\\vendor\\laravel\\framework\\src\\Illuminate\\Pipeline\\Pipeline.php(183): Illuminate\\Foundation\\Http\\Middleware\\PreventRequestsDuringMaintenance->handle(Object(Illuminate\\Http\\Request), Object(Closure))
#62 C:\\Users\\fdiez\\Documents\\Dev\\hooky\\hooky-api\\vendor\\laravel\\framework\\src\\Illuminate\\Http\\Middleware\\HandleCors.php(62): Illuminate\\Pipeline\\Pipeline->Illuminate\\Pipeline\\{closure}(Object(Illuminate\\Http\\Request))
#63 C:\\Users\\fdiez\\Documents\\Dev\\hooky\\hooky-api\\vendor\\laravel\\framework\\src\\Illuminate\\Pipeline\\Pipeline.php(183): Illuminate\\Http\\Middleware\\HandleCors->handle(Object(Illuminate\\Http\\Request), Object(Closure))
#64 C:\\Users\\fdiez\\Documents\\Dev\\hooky\\hooky-api\\vendor\\laravel\\framework\\src\\Illuminate\\Http\\Middleware\\TrustProxies.php(58): Illuminate\\Pipeline\\Pipeline->Illuminate\\Pipeline\\{closure}(Object(Illuminate\\Http\\Request))
#65 C:\\Users\\fdiez\\Documents\\Dev\\hooky\\hooky-api\\vendor\\laravel\\framework\\src\\Illuminate\\Pipeline\\Pipeline.php(183): Illuminate\\Http\\Middleware\\TrustProxies->handle(Object(Illuminate\\Http\\Request), Object(Closure))
#66 C:\\Users\\fdiez\\Documents\\Dev\\hooky\\hooky-api\\vendor\\laravel\\framework\\src\\Illuminate\\Foundation\\Http\\Middleware\\InvokeDeferredCallbacks.php(22): Illuminate\\Pipeline\\Pipeline->Illuminate\\Pipeline\\{closure}(Object(Illuminate\\Http\\Request))
#67 C:\\Users\\fdiez\\Documents\\Dev\\hooky\\hooky-api\\vendor\\laravel\\framework\\src\\Illuminate\\Pipeline\\Pipeline.php(183): Illuminate\\Foundation\\Http\\Middleware\\InvokeDeferredCallbacks->handle(Object(Illuminate\\Http\\Request), Object(Closure))
#68 C:\\Users\\fdiez\\Documents\\Dev\\hooky\\hooky-api\\vendor\\laravel\\framework\\src\\Illuminate\\Pipeline\\Pipeline.php(119): Illuminate\\Pipeline\\Pipeline->Illuminate\\Pipeline\\{closure}(Object(Illuminate\\Http\\Request))
#69 C:\\Users\\fdiez\\Documents\\Dev\\hooky\\hooky-api\\vendor\\laravel\\framework\\src\\Illuminate\\Foundation\\Http\\Kernel.php(176): Illuminate\\Pipeline\\Pipeline->then(Object(Closure))
#70 C:\\Users\\fdiez\\Documents\\Dev\\hooky\\hooky-api\\vendor\\laravel\\framework\\src\\Illuminate\\Foundation\\Http\\Kernel.php(145): Illuminate\\Foundation\\Http\\Kernel->sendRequestThroughRouter(Object(Illuminate\\Http\\Request))
#71 C:\\Users\\fdiez\\Documents\\Dev\\hooky\\hooky-api\\vendor\\laravel\\framework\\src\\Illuminate\\Foundation\\Application.php(1190): Illuminate\\Foundation\\Http\\Kernel->handle(Object(Illuminate\\Http\\Request))
#72 C:\\Users\\fdiez\\Documents\\Dev\\hooky\\hooky-api\\public\\index.php(17): Illuminate\\Foundation\\Application->handleRequest(Object(Illuminate\\Http\\Request))
#73 C:\\Users\\fdiez\\Documents\\Dev\\hooky\\hooky-api\\vendor\\laravel\\framework\\src\\Illuminate\\Foundation\\resources\\server.php(23): require_once('C:\\\\Users\\\\fdiez\\\\...')
#74 {main}

[previous exception] [object] (PDOException(code: 0): PDO::__construct(): Error while reading greeting packet. PID=25736 at C:\\Users\\fdiez\\Documents\\Dev\\hooky\\hooky-api\\vendor\\laravel\\framework\\src\\Illuminate\\Database\\Connectors\\Connector.php:66)
[stacktrace]
#0 C:\\Users\\fdiez\\Documents\\Dev\\hooky\\hooky-api\\vendor\\laravel\\framework\\src\\Illuminate\\Database\\Connectors\\Connector.php(66): PDO->__construct('mysql:host=127....', 'root', Object(SensitiveParameterValue), Array)
#1 C:\\Users\\fdiez\\Documents\\Dev\\hooky\\hooky-api\\vendor\\laravel\\framework\\src\\Illuminate\\Database\\Connectors\\Connector.php(85): Illuminate\\Database\\Connectors\\Connector->createPdoConnection('mysql:host=127....', 'root', Object(SensitiveParameterValue), Array)
#2 C:\\Users\\fdiez\\Documents\\Dev\\hooky\\hooky-api\\vendor\\laravel\\framework\\src\\Illuminate\\Database\\Connectors\\Connector.php(48): Illuminate\\Database\\Connectors\\Connector->tryAgainIfCausedByLostConnection(Object(PDOException), 'mysql:host=127....', 'root', Object(SensitiveParameterValue), Array)
#3 C:\\Users\\fdiez\\Documents\\Dev\\hooky\\hooky-api\\vendor\\laravel\\framework\\src\\Illuminate\\Database\\Connectors\\MySqlConnector.php(24): Illuminate\\Database\\Connectors\\Connector->createConnection('mysql:host=127....', Array, Array)
#4 C:\\Users\\fdiez\\Documents\\Dev\\hooky\\hooky-api\\vendor\\laravel\\framework\\src\\Illuminate\\Database\\Connectors\\ConnectionFactory.php(185): Illuminate\\Database\\Connectors\\MySqlConnector->connect(Array)
#5 [internal function]: Illuminate\\Database\\Connectors\\ConnectionFactory->Illuminate\\Database\\Connectors\\{closure}()
#6 C:\\Users\\fdiez\\Documents\\Dev\\hooky\\hooky-api\\vendor\\laravel\\framework\\src\\Illuminate\\Database\\Connection.php(1231): call_user_func(Object(Closure))
#7 C:\\Users\\fdiez\\Documents\\Dev\\hooky\\hooky-api\\vendor\\laravel\\framework\\src\\Illuminate\\Database\\Connection.php(512): Illuminate\\Database\\Connection->getPdo()
#8 C:\\Users\\fdiez\\Documents\\Dev\\hooky\\hooky-api\\vendor\\laravel\\framework\\src\\Illuminate\\Database\\Connection.php(407): Illuminate\\Database\\Connection->getPdoForSelect(false)
#9 C:\\Users\\fdiez\\Documents\\Dev\\hooky\\hooky-api\\vendor\\laravel\\framework\\src\\Illuminate\\Database\\Connection.php(812): Illuminate\\Database\\Connection->Illuminate\\Database\\{closure}('select count(*)...', Array)
#10 C:\\Users\\fdiez\\Documents\\Dev\\hooky\\hooky-api\\vendor\\laravel\\framework\\src\\Illuminate\\Database\\Connection.php(979): Illuminate\\Database\\Connection->runQueryCallback('select count(*)...', Array, Object(Closure))
#11 C:\\Users\\fdiez\\Documents\\Dev\\hooky\\hooky-api\\vendor\\laravel\\framework\\src\\Illuminate\\Database\\Connection.php(958): Illuminate\\Database\\Connection->tryAgainIfCausedByLostConnection(Object(Illuminate\\Database\\QueryException), 'select count(*)...', Array, Object(Closure))
#12 C:\\Users\\fdiez\\Documents\\Dev\\hooky\\hooky-api\\vendor\\laravel\\framework\\src\\Illuminate\\Database\\Connection.php(781): Illuminate\\Database\\Connection->handleQueryException(Object(Illuminate\\Database\\QueryException), 'select count(*)...', Array, Object(Closure))
#13 C:\\Users\\fdiez\\Documents\\Dev\\hooky\\hooky-api\\vendor\\laravel\\framework\\src\\Illuminate\\Database\\Connection.php(398): Illuminate\\Database\\Connection->run('select count(*)...', Array, Object(Closure))
#14 C:\\Users\\fdiez\\Documents\\Dev\\hooky\\hooky-api\\vendor\\laravel\\framework\\src\\Illuminate\\Database\\Query\\Builder.php(3133): Illuminate\\Database\\Connection->select('select count(*)...', Array, false)
#15 C:\\Users\\fdiez\\Documents\\Dev\\hooky\\hooky-api\\vendor\\laravel\\framework\\src\\Illuminate\\Database\\Query\\Builder.php(3118): Illuminate\\Database\\Query\\Builder->runSelect()
#16 C:\\Users\\fdiez\\Documents\\Dev\\hooky\\hooky-api\\vendor\\laravel\\framework\\src\\Illuminate\\Database\\Query\\Builder.php(3706): Illuminate\\Database\\Query\\Builder->Illuminate\\Database\\Query\\{closure}()
#17 C:\\Users\\fdiez\\Documents\\Dev\\hooky\\hooky-api\\vendor\\laravel\\framework\\src\\Illuminate\\Database\\Query\\Builder.php(3117): Illuminate\\Database\\Query\\Builder->onceWithColumns(Array, Object(Closure))
#18 C:\\Users\\fdiez\\Documents\\Dev\\hooky\\hooky-api\\vendor\\laravel\\framework\\src\\Illuminate\\Database\\Query\\Builder.php(3633): Illuminate\\Database\\Query\\Builder->get(Array)
#19 C:\\Users\\fdiez\\Documents\\Dev\\hooky\\hooky-api\\vendor\\laravel\\framework\\src\\Illuminate\\Database\\Query\\Builder.php(3561): Illuminate\\Database\\Query\\Builder->aggregate('count', Array)
#20 C:\\Users\\fdiez\\Documents\\Dev\\hooky\\hooky-api\\vendor\\laravel\\framework\\src\\Illuminate\\Validation\\DatabasePresenceVerifier.php(54): Illuminate\\Database\\Query\\Builder->count()
#21 C:\\Users\\fdiez\\Documents\\Dev\\hooky\\hooky-api\\vendor\\laravel\\framework\\src\\Illuminate\\Validation\\Concerns\\ValidatesAttributes.php(1027): Illuminate\\Validation\\DatabasePresenceVerifier->getCount('companies', 'email', 'studio54@email....', NULL, NULL, Array)
#22 C:\\Users\\fdiez\\Documents\\Dev\\hooky\\hooky-api\\vendor\\laravel\\framework\\src\\Illuminate\\Validation\\Validator.php(681): Illuminate\\Validation\\Validator->validateUnique('email', 'studio54@email....', Array, Object(Illuminate\\Validation\\Validator))
#23 C:\\Users\\fdiez\\Documents\\Dev\\hooky\\hooky-api\\vendor\\laravel\\framework\\src\\Illuminate\\Validation\\Validator.php(476): Illuminate\\Validation\\Validator->validateAttribute('email', 'Unique')
#24 C:\\Users\\fdiez\\Documents\\Dev\\hooky\\hooky-api\\vendor\\laravel\\framework\\src\\Illuminate\\Validation\\Validator.php(511): Illuminate\\Validation\\Validator->passes()
#25 C:\\Users\\fdiez\\Documents\\Dev\\hooky\\hooky-api\\vendor\\laravel\\framework\\src\\Illuminate\\Validation\\ValidatesWhenResolvedTrait.php(31): Illuminate\\Validation\\Validator->fails()
#26 C:\\Users\\fdiez\\Documents\\Dev\\hooky\\hooky-api\\vendor\\laravel\\framework\\src\\Illuminate\\Foundation\\Providers\\FormRequestServiceProvider.php(30): Illuminate\\Foundation\\Http\\FormRequest->validateResolved()
#27 C:\\Users\\fdiez\\Documents\\Dev\\hooky\\hooky-api\\vendor\\laravel\\framework\\src\\Illuminate\\Container\\Container.php(1413): Illuminate\\Foundation\\Providers\\FormRequestServiceProvider->Illuminate\\Foundation\\Providers\\{closure}(Object(App\\Http\\Requests\\RegisterCompanyRequest), Object(Illuminate\\Foundation\\Application))
#28 C:\\Users\\fdiez\\Documents\\Dev\\hooky\\hooky-api\\vendor\\laravel\\framework\\src\\Illuminate\\Container\\Container.php(1349): Illuminate\\Container\\Container->fireCallbackArray(Object(App\\Http\\Requests\\RegisterCompanyRequest), Array)
#29 C:\\Users\\fdiez\\Documents\\Dev\\hooky\\hooky-api\\vendor\\laravel\\framework\\src\\Illuminate\\Container\\Container.php(1335): Illuminate\\Container\\Container->fireAfterResolvingCallbacks('App\\\\Http\\\\Reques...', Object(App\\Http\\Requests\\RegisterCompanyRequest))
#30 C:\\Users\\fdiez\\Documents\\Dev\\hooky\\hooky-api\\vendor\\laravel\\framework\\src\\Illuminate\\Container\\Container.php(833): Illuminate\\Container\\Container->fireResolvingCallbacks('App\\\\Http\\\\Reques...', Object(App\\Http\\Requests\\RegisterCompanyRequest))
#31 C:\\Users\\fdiez\\Documents\\Dev\\hooky\\hooky-api\\vendor\\laravel\\framework\\src\\Illuminate\\Foundation\\Application.php(1048): Illuminate\\Container\\Container->resolve('App\\\\Http\\\\Reques...', Array, true)
#32 C:\\Users\\fdiez\\Documents\\Dev\\hooky\\hooky-api\\vendor\\laravel\\framework\\src\\Illuminate\\Container\\Container.php(751): Illuminate\\Foundation\\Application->resolve('App\\\\Http\\\\Reques...', Array)
#33 C:\\Users\\fdiez\\Documents\\Dev\\hooky\\hooky-api\\vendor\\laravel\\framework\\src\\Illuminate\\Foundation\\Application.php(1030): Illuminate\\Container\\Container->make('App\\\\Http\\\\Reques...', Array)
#34 C:\\Users\\fdiez\\Documents\\Dev\\hooky\\hooky-api\\vendor\\laravel\\framework\\src\\Illuminate\\Routing\\ResolvesRouteDependencies.php(92): Illuminate\\Foundation\\Application->make('App\\\\Http\\\\Reques...')
#35 C:\\Users\\fdiez\\Documents\\Dev\\hooky\\hooky-api\\vendor\\laravel\\framework\\src\\Illuminate\\Routing\\ResolvesRouteDependencies.php(51): Illuminate\\Routing\\ControllerDispatcher->transformDependency(Object(ReflectionParameter), Array, Object(stdClass))
#36 C:\\Users\\fdiez\\Documents\\Dev\\hooky\\hooky-api\\vendor\\laravel\\framework\\src\\Illuminate\\Routing\\ResolvesRouteDependencies.php(30): Illuminate\\Routing\\ControllerDispatcher->resolveMethodDependencies(Array, Object(ReflectionMethod))
#37 C:\\Users\\fdiez\\Documents\\Dev\\hooky\\hooky-api\\vendor\\laravel\\framework\\src\\Illuminate\\Routing\\ControllerDispatcher.php(59): Illuminate\\Routing\\ControllerDispatcher->resolveClassMethodDependencies(Array, Object(App\\Http\\Controllers\\AuthController), 'registerCompany')
#38 C:\\Users\\fdiez\\Documents\\Dev\\hooky\\hooky-api\\vendor\\laravel\\framework\\src\\Illuminate\\Routing\\ControllerDispatcher.php(40): Illuminate\\Routing\\ControllerDispatcher->resolveParameters(Object(Illuminate\\Routing\\Route), Object(App\\Http\\Controllers\\AuthController), 'registerCompany')
#39 C:\\Users\\fdiez\\Documents\\Dev\\hooky\\hooky-api\\vendor\\laravel\\framework\\src\\Illuminate\\Routing\\Route.php(264): Illuminate\\Routing\\ControllerDispatcher->dispatch(Object(Illuminate\\Routing\\Route), Object(App\\Http\\Controllers\\AuthController), 'registerCompany')
#40 C:\\Users\\fdiez\\Documents\\Dev\\hooky\\hooky-api\\vendor\\laravel\\framework\\src\\Illuminate\\Routing\\Route.php(210): Illuminate\\Routing\\Route->runController()
#41 C:\\Users\\fdiez\\Documents\\Dev\\hooky\\hooky-api\\vendor\\laravel\\framework\\src\\Illuminate\\Routing\\Router.php(808): Illuminate\\Routing\\Route->run()
#42 C:\\Users\\fdiez\\Documents\\Dev\\hooky\\hooky-api\\vendor\\laravel\\framework\\src\\Illuminate\\Pipeline\\Pipeline.php(144): Illuminate\\Routing\\Router->Illuminate\\Routing\\{closure}(Object(Illuminate\\Http\\Request))
#43 C:\\Users\\fdiez\\Documents\\Dev\\hooky\\hooky-api\\vendor\\laravel\\framework\\src\\Illuminate\\Routing\\Middleware\\SubstituteBindings.php(51): Illuminate\\Pipeline\\Pipeline->Illuminate\\Pipeline\\{closure}(Object(Illuminate\\Http\\Request))
#44 C:\\Users\\fdiez\\Documents\\Dev\\hooky\\hooky-api\\vendor\\laravel\\framework\\src\\Illuminate\\Pipeline\\Pipeline.php(183): Illuminate\\Routing\\Middleware\\SubstituteBindings->handle(Object(Illuminate\\Http\\Request), Object(Closure))
#45 C:\\Users\\fdiez\\Documents\\Dev\\hooky\\hooky-api\\vendor\\laravel\\framework\\src\\Illuminate\\Pipeline\\Pipeline.php(119): Illuminate\\Pipeline\\Pipeline->Illuminate\\Pipeline\\{closure}(Object(Illuminate\\Http\\Request))
#46 C:\\Users\\fdiez\\Documents\\Dev\\hooky\\hooky-api\\vendor\\laravel\\framework\\src\\Illuminate\\Routing\\Router.php(807): Illuminate\\Pipeline\\Pipeline->then(Object(Closure))
#47 C:\\Users\\fdiez\\Documents\\Dev\\hooky\\hooky-api\\vendor\\laravel\\framework\\src\\Illuminate\\Routing\\Router.php(786): Illuminate\\Routing\\Router->runRouteWithinStack(Object(Illuminate\\Routing\\Route), Object(Illuminate\\Http\\Request))
#48 C:\\Users\\fdiez\\Documents\\Dev\\hooky\\hooky-api\\vendor\\laravel\\framework\\src\\Illuminate\\Routing\\Router.php(750): Illuminate\\Routing\\Router->runRoute(Object(Illuminate\\Http\\Request), Object(Illuminate\\Routing\\Route))
#49 C:\\Users\\fdiez\\Documents\\Dev\\hooky\\hooky-api\\vendor\\laravel\\framework\\src\\Illuminate\\Routing\\Router.php(739): Illuminate\\Routing\\Router->dispatchToRoute(Object(Illuminate\\Http\\Request))
#50 C:\\Users\\fdiez\\Documents\\Dev\\hooky\\hooky-api\\vendor\\laravel\\framework\\src\\Illuminate\\Foundation\\Http\\Kernel.php(201): Illuminate\\Routing\\Router->dispatch(Object(Illuminate\\Http\\Request))
#51 C:\\Users\\fdiez\\Documents\\Dev\\hooky\\hooky-api\\vendor\\laravel\\framework\\src\\Illuminate\\Pipeline\\Pipeline.php(144): Illuminate\\Foundation\\Http\\Kernel->Illuminate\\Foundation\\Http\\{closure}(Object(Illuminate\\Http\\Request))
#52 C:\\Users\\fdiez\\Documents\\Dev\\hooky\\hooky-api\\vendor\\laravel\\framework\\src\\Illuminate\\Foundation\\Http\\Middleware\\TransformsRequest.php(21): Illuminate\\Pipeline\\Pipeline->Illuminate\\Pipeline\\{closure}(Object(Illuminate\\Http\\Request))
#53 C:\\Users\\fdiez\\Documents\\Dev\\hooky\\hooky-api\\vendor\\laravel\\framework\\src\\Illuminate\\Foundation\\Http\\Middleware\\ConvertEmptyStringsToNull.php(31): Illuminate\\Foundation\\Http\\Middleware\\TransformsRequest->handle(Object(Illuminate\\Http\\Request), Object(Closure))
#54 C:\\Users\\fdiez\\Documents\\Dev\\hooky\\hooky-api\\vendor\\laravel\\framework\\src\\Illuminate\\Pipeline\\Pipeline.php(183): Illuminate\\Foundation\\Http\\Middleware\\ConvertEmptyStringsToNull->handle(Object(Illuminate\\Http\\Request), Object(Closure))
#55 C:\\Users\\fdiez\\Documents\\Dev\\hooky\\hooky-api\\vendor\\laravel\\framework\\src\\Illuminate\\Foundation\\Http\\Middleware\\TransformsRequest.php(21): Illuminate\\Pipeline\\Pipeline->Illuminate\\Pipeline\\{closure}(Object(Illuminate\\Http\\Request))
#56 C:\\Users\\fdiez\\Documents\\Dev\\hooky\\hooky-api\\vendor\\laravel\\framework\\src\\Illuminate\\Foundation\\Http\\Middleware\\TrimStrings.php(51): Illuminate\\Foundation\\Http\\Middleware\\TransformsRequest->handle(Object(Illuminate\\Http\\Request), Object(Closure))
#57 C:\\Users\\fdiez\\Documents\\Dev\\hooky\\hooky-api\\vendor\\laravel\\framework\\src\\Illuminate\\Pipeline\\Pipeline.php(183): Illuminate\\Foundation\\Http\\Middleware\\TrimStrings->handle(Object(Illuminate\\Http\\Request), Object(Closure))
#58 C:\\Users\\fdiez\\Documents\\Dev\\hooky\\hooky-api\\vendor\\laravel\\framework\\src\\Illuminate\\Http\\Middleware\\ValidatePostSize.php(27): Illuminate\\Pipeline\\Pipeline->Illuminate\\Pipeline\\{closure}(Object(Illuminate\\Http\\Request))
#59 C:\\Users\\fdiez\\Documents\\Dev\\hooky\\hooky-api\\vendor\\laravel\\framework\\src\\Illuminate\\Pipeline\\Pipeline.php(183): Illuminate\\Http\\Middleware\\ValidatePostSize->handle(Object(Illuminate\\Http\\Request), Object(Closure))
#60 C:\\Users\\fdiez\\Documents\\Dev\\hooky\\hooky-api\\vendor\\laravel\\framework\\src\\Illuminate\\Foundation\\Http\\Middleware\\PreventRequestsDuringMaintenance.php(110): Illuminate\\Pipeline\\Pipeline->Illuminate\\Pipeline\\{closure}(Object(Illuminate\\Http\\Request))
#61 C:\\Users\\fdiez\\Documents\\Dev\\hooky\\hooky-api\\vendor\\laravel\\framework\\src\\Illuminate\\Pipeline\\Pipeline.php(183): Illuminate\\Foundation\\Http\\Middleware\\PreventRequestsDuringMaintenance->handle(Object(Illuminate\\Http\\Request), Object(Closure))
#62 C:\\Users\\fdiez\\Documents\\Dev\\hooky\\hooky-api\\vendor\\laravel\\framework\\src\\Illuminate\\Http\\Middleware\\HandleCors.php(62): Illuminate\\Pipeline\\Pipeline->Illuminate\\Pipeline\\{closure}(Object(Illuminate\\Http\\Request))
#63 C:\\Users\\fdiez\\Documents\\Dev\\hooky\\hooky-api\\vendor\\laravel\\framework\\src\\Illuminate\\Pipeline\\Pipeline.php(183): Illuminate\\Http\\Middleware\\HandleCors->handle(Object(Illuminate\\Http\\Request), Object(Closure))
#64 C:\\Users\\fdiez\\Documents\\Dev\\hooky\\hooky-api\\vendor\\laravel\\framework\\src\\Illuminate\\Http\\Middleware\\TrustProxies.php(58): Illuminate\\Pipeline\\Pipeline->Illuminate\\Pipeline\\{closure}(Object(Illuminate\\Http\\Request))
#65 C:\\Users\\fdiez\\Documents\\Dev\\hooky\\hooky-api\\vendor\\laravel\\framework\\src\\Illuminate\\Pipeline\\Pipeline.php(183): Illuminate\\Http\\Middleware\\TrustProxies->handle(Object(Illuminate\\Http\\Request), Object(Closure))
#66 C:\\Users\\fdiez\\Documents\\Dev\\hooky\\hooky-api\\vendor\\laravel\\framework\\src\\Illuminate\\Foundation\\Http\\Middleware\\InvokeDeferredCallbacks.php(22): Illuminate\\Pipeline\\Pipeline->Illuminate\\Pipeline\\{closure}(Object(Illuminate\\Http\\Request))
#67 C:\\Users\\fdiez\\Documents\\Dev\\hooky\\hooky-api\\vendor\\laravel\\framework\\src\\Illuminate\\Pipeline\\Pipeline.php(183): Illuminate\\Foundation\\Http\\Middleware\\InvokeDeferredCallbacks->handle(Object(Illuminate\\Http\\Request), Object(Closure))
#68 C:\\Users\\fdiez\\Documents\\Dev\\hooky\\hooky-api\\vendor\\laravel\\framework\\src\\Illuminate\\Pipeline\\Pipeline.php(119): Illuminate\\Pipeline\\Pipeline->Illuminate\\Pipeline\\{closure}(Object(Illuminate\\Http\\Request))
#69 C:\\Users\\fdiez\\Documents\\Dev\\hooky\\hooky-api\\vendor\\laravel\\framework\\src\\Illuminate\\Foundation\\Http\\Kernel.php(176): Illuminate\\Pipeline\\Pipeline->then(Object(Closure))
#70 C:\\Users\\fdiez\\Documents\\Dev\\hooky\\hooky-api\\vendor\\laravel\\framework\\src\\Illuminate\\Foundation\\Http\\Kernel.php(145): Illuminate\\Foundation\\Http\\Kernel->sendRequestThroughRouter(Object(Illuminate\\Http\\Request))
#71 C:\\Users\\fdiez\\Documents\\Dev\\hooky\\hooky-api\\vendor\\laravel\\framework\\src\\Illuminate\\Foundation\\Application.php(1190): Illuminate\\Foundation\\Http\\Kernel->handle(Object(Illuminate\\Http\\Request))
#72 C:\\Users\\fdiez\\Documents\\Dev\\hooky\\hooky-api\\public\\index.php(17): Illuminate\\Foundation\\Application->handleRequest(Object(Illuminate\\Http\\Request))
#73 C:\\Users\\fdiez\\Documents\\Dev\\hooky\\hooky-api\\vendor\\laravel\\framework\\src\\Illuminate\\Foundation\\resources\\server.php(23): require_once('C:\\\\Users\\\\fdiez\\\\...')
#74 {main}
"} 
[2025-02-01 12:09:53] local.INFO: {"id":1,"uid":"f57ccdb9-ef8b-40cf-b8df-629e2a933ec2","event_uid":"67121963-cbeb-4afa-aae7-f5c2ca06bde1","gender_id":2,"sexual_orientation_id":2,"name":"Admin","surnames":"Fran","email":"a@a.es","city":"Leon","born_date":"1990-01-01","ig":"frandiez","tw":"frandiez","description":"Sit excepteur mollit duis elit elit sit cupidatat proident adipisicing. Dolor reprehenderit labore tempor sit est dolor. Velit aliqua cupidatat exercitation mollit nulla Lorem nostrud. Cupidatat ut laborum laborum minim dolore deserunt ad in anim aliqua ex commodo eu. Ut sint proident cillum in tempor eu.","verified":0}  
[2025-02-01 12:10:04] local.INFO: {"id":1,"uid":"f57ccdb9-ef8b-40cf-b8df-629e2a933ec2","event_uid":"67121963-cbeb-4afa-aae7-f5c2ca06bde1","gender_id":2,"sexual_orientation_id":2,"name":"Admin","surnames":"Fran","email":"a@a.es","city":"Leon","born_date":"1990-01-01","ig":"frandiez","tw":"frandiez","description":"Sit excepteur mollit duis elit elit sit cupidatat proident adipisicing. Dolor reprehenderit labore tempor sit est dolor. Velit aliqua cupidatat exercitation mollit nulla Lorem nostrud. Cupidatat ut laborum laborum minim dolore deserunt ad in anim aliqua ex commodo eu. Ut sint proident cillum in tempor eu.","verified":0}  
[2025-02-01 12:12:21] local.INFO: {"id":1,"uid":"f57ccdb9-ef8b-40cf-b8df-629e2a933ec2","event_uid":"67121963-cbeb-4afa-aae7-f5c2ca06bde1","gender_id":2,"sexual_orientation_id":2,"name":"Admin","surnames":"Fran","email":"a@a.es","city":"Leon","born_date":"1990-01-01","ig":"frandiez","tw":"frandiez","description":"Sit excepteur mollit duis elit elit sit cupidatat proident adipisicing. Dolor reprehenderit labore tempor sit est dolor. Velit aliqua cupidatat exercitation mollit nulla Lorem nostrud. Cupidatat ut laborum laborum minim dolore deserunt ad in anim aliqua ex commodo eu. Ut sint proident cillum in tempor eu.","verified":0}  
