[2025-01-03 18:57:35] local.ERROR: Exception: Undefined array key "user_id" in C:\Users\fdiez\Documents\Dev\hooky-api\app\Http\Services\NotificationService.php:31
Stack trace:
#0 C:\Users\fdiez\Documents\Dev\hooky-api\app\Services\UserService.php(102): App\Http\Services\NotificationService->publishNotification(Array)
#1 C:\Users\fdiez\Documents\Dev\hooky-api\app\Http\Controllers\UserController.php(54): App\Services\UserService->setInteraction(Object(App\Models\User), '85676a64-533c-4...', 2)
#2 C:\Users\fdiez\Documents\Dev\hooky-api\vendor\laravel\framework\src\Illuminate\Routing\ControllerDispatcher.php(46): App\Http\Controllers\UserController->setInteraction(Object(Illuminate\Http\Request), '85676a64-533c-4...')
#3 C:\Users\fdiez\Documents\Dev\hooky-api\vendor\laravel\framework\src\Illuminate\Routing\Route.php(264): Illuminate\Routing\ControllerDispatcher->dispatch(Object(Illuminate\Routing\Route), Object(App\Http\Controllers\UserController), 'setInteraction')
#4 C:\Users\fdiez\Documents\Dev\hooky-api\vendor\laravel\framework\src\Illuminate\Routing\Route.php(210): Illuminate\Routing\Route->runController()
#5 C:\Users\fdiez\Documents\Dev\hooky-api\vendor\laravel\framework\src\Illuminate\Routing\Router.php(808): Illuminate\Routing\Route->run()
#6 C:\Users\fdiez\Documents\Dev\hooky-api\vendor\laravel\framework\src\Illuminate\Pipeline\Pipeline.php(144): Illuminate\Routing\Router->Illuminate\Routing\{closure}(Object(Illuminate\Http\Request))
#7 C:\Users\fdiez\Documents\Dev\hooky-api\app\Http\Middleware\CheckCreditsMiddleware.php(31): Illuminate\Pipeline\Pipeline->Illuminate\Pipeline\{closure}(Object(Illuminate\Http\Request))
#8 C:\Users\fdiez\Documents\Dev\hooky-api\vendor\laravel\framework\src\Illuminate\Pipeline\Pipeline.php(183): App\Http\Middleware\CheckCreditsMiddleware->handle(Object(Illuminate\Http\Request), Object(Closure))
#9 C:\Users\fdiez\Documents\Dev\hooky-api\app\Http\Middleware\CheckEventIsActiveMiddleware.php(27): Illuminate\Pipeline\Pipeline->Illuminate\Pipeline\{closure}(Object(Illuminate\Http\Request))
#10 C:\Users\fdiez\Documents\Dev\hooky-api\vendor\laravel\framework\src\Illuminate\Pipeline\Pipeline.php(183): App\Http\Middleware\CheckEventIsActiveMiddleware->handle(Object(Illuminate\Http\Request), Object(Closure))
#11 C:\Users\fdiez\Documents\Dev\hooky-api\vendor\laravel\framework\src\Illuminate\Routing\Middleware\SubstituteBindings.php(51): Illuminate\Pipeline\Pipeline->Illuminate\Pipeline\{closure}(Object(Illuminate\Http\Request))
#12 C:\Users\fdiez\Documents\Dev\hooky-api\vendor\laravel\framework\src\Illuminate\Pipeline\Pipeline.php(183): Illuminate\Routing\Middleware\SubstituteBindings->handle(Object(Illuminate\Http\Request), Object(Closure))
#13 C:\Users\fdiez\Documents\Dev\hooky-api\vendor\laravel\framework\src\Illuminate\Auth\Middleware\Authenticate.php(64): Illuminate\Pipeline\Pipeline->Illuminate\Pipeline\{closure}(Object(Illuminate\Http\Request))
#14 C:\Users\fdiez\Documents\Dev\hooky-api\vendor\laravel\framework\src\Illuminate\Pipeline\Pipeline.php(183): Illuminate\Auth\Middleware\Authenticate->handle(Object(Illuminate\Http\Request), Object(Closure), 'sanctum')
#15 C:\Users\fdiez\Documents\Dev\hooky-api\vendor\laravel\framework\src\Illuminate\Pipeline\Pipeline.php(119): Illuminate\Pipeline\Pipeline->Illuminate\Pipeline\{closure}(Object(Illuminate\Http\Request))
#16 C:\Users\fdiez\Documents\Dev\hooky-api\vendor\laravel\framework\src\Illuminate\Routing\Router.php(807): Illuminate\Pipeline\Pipeline->then(Object(Closure))
#17 C:\Users\fdiez\Documents\Dev\hooky-api\vendor\laravel\framework\src\Illuminate\Routing\Router.php(786): Illuminate\Routing\Router->runRouteWithinStack(Object(Illuminate\Routing\Route), Object(Illuminate\Http\Request))
#18 C:\Users\fdiez\Documents\Dev\hooky-api\vendor\laravel\framework\src\Illuminate\Routing\Router.php(750): Illuminate\Routing\Router->runRoute(Object(Illuminate\Http\Request), Object(Illuminate\Routing\Route))
#19 C:\Users\fdiez\Documents\Dev\hooky-api\vendor\laravel\framework\src\Illuminate\Routing\Router.php(739): Illuminate\Routing\Router->dispatchToRoute(Object(Illuminate\Http\Request))
#20 C:\Users\fdiez\Documents\Dev\hooky-api\vendor\laravel\framework\src\Illuminate\Foundation\Http\Kernel.php(201): Illuminate\Routing\Router->dispatch(Object(Illuminate\Http\Request))
#21 C:\Users\fdiez\Documents\Dev\hooky-api\vendor\laravel\framework\src\Illuminate\Pipeline\Pipeline.php(144): Illuminate\Foundation\Http\Kernel->Illuminate\Foundation\Http\{closure}(Object(Illuminate\Http\Request))
#22 C:\Users\fdiez\Documents\Dev\hooky-api\vendor\laravel\framework\src\Illuminate\Foundation\Http\Middleware\TransformsRequest.php(21): Illuminate\Pipeline\Pipeline->Illuminate\Pipeline\{closure}(Object(Illuminate\Http\Request))
#23 C:\Users\fdiez\Documents\Dev\hooky-api\vendor\laravel\framework\src\Illuminate\Foundation\Http\Middleware\ConvertEmptyStringsToNull.php(31): Illuminate\Foundation\Http\Middleware\TransformsRequest->handle(Object(Illuminate\Http\Request), Object(Closure))
#24 C:\Users\fdiez\Documents\Dev\hooky-api\vendor\laravel\framework\src\Illuminate\Pipeline\Pipeline.php(183): Illuminate\Foundation\Http\Middleware\ConvertEmptyStringsToNull->handle(Object(Illuminate\Http\Request), Object(Closure))
#25 C:\Users\fdiez\Documents\Dev\hooky-api\vendor\laravel\framework\src\Illuminate\Foundation\Http\Middleware\TransformsRequest.php(21): Illuminate\Pipeline\Pipeline->Illuminate\Pipeline\{closure}(Object(Illuminate\Http\Request))
#26 C:\Users\fdiez\Documents\Dev\hooky-api\vendor\laravel\framework\src\Illuminate\Foundation\Http\Middleware\TrimStrings.php(51): Illuminate\Foundation\Http\Middleware\TransformsRequest->handle(Object(Illuminate\Http\Request), Object(Closure))
#27 C:\Users\fdiez\Documents\Dev\hooky-api\vendor\laravel\framework\src\Illuminate\Pipeline\Pipeline.php(183): Illuminate\Foundation\Http\Middleware\TrimStrings->handle(Object(Illuminate\Http\Request), Object(Closure))
#28 C:\Users\fdiez\Documents\Dev\hooky-api\vendor\laravel\framework\src\Illuminate\Http\Middleware\ValidatePostSize.php(27): Illuminate\Pipeline\Pipeline->Illuminate\Pipeline\{closure}(Object(Illuminate\Http\Request))
#29 C:\Users\fdiez\Documents\Dev\hooky-api\vendor\laravel\framework\src\Illuminate\Pipeline\Pipeline.php(183): Illuminate\Http\Middleware\ValidatePostSize->handle(Object(Illuminate\Http\Request), Object(Closure))
#30 C:\Users\fdiez\Documents\Dev\hooky-api\vendor\laravel\framework\src\Illuminate\Foundation\Http\Middleware\PreventRequestsDuringMaintenance.php(110): Illuminate\Pipeline\Pipeline->Illuminate\Pipeline\{closure}(Object(Illuminate\Http\Request))
#31 C:\Users\fdiez\Documents\Dev\hooky-api\vendor\laravel\framework\src\Illuminate\Pipeline\Pipeline.php(183): Illuminate\Foundation\Http\Middleware\PreventRequestsDuringMaintenance->handle(Object(Illuminate\Http\Request), Object(Closure))
#32 C:\Users\fdiez\Documents\Dev\hooky-api\vendor\laravel\framework\src\Illuminate\Http\Middleware\HandleCors.php(62): Illuminate\Pipeline\Pipeline->Illuminate\Pipeline\{closure}(Object(Illuminate\Http\Request))
#33 C:\Users\fdiez\Documents\Dev\hooky-api\vendor\laravel\framework\src\Illuminate\Pipeline\Pipeline.php(183): Illuminate\Http\Middleware\HandleCors->handle(Object(Illuminate\Http\Request), Object(Closure))
#34 C:\Users\fdiez\Documents\Dev\hooky-api\vendor\laravel\framework\src\Illuminate\Http\Middleware\TrustProxies.php(58): Illuminate\Pipeline\Pipeline->Illuminate\Pipeline\{closure}(Object(Illuminate\Http\Request))
#35 C:\Users\fdiez\Documents\Dev\hooky-api\vendor\laravel\framework\src\Illuminate\Pipeline\Pipeline.php(183): Illuminate\Http\Middleware\TrustProxies->handle(Object(Illuminate\Http\Request), Object(Closure))
#36 C:\Users\fdiez\Documents\Dev\hooky-api\vendor\laravel\framework\src\Illuminate\Foundation\Http\Middleware\InvokeDeferredCallbacks.php(22): Illuminate\Pipeline\Pipeline->Illuminate\Pipeline\{closure}(Object(Illuminate\Http\Request))
#37 C:\Users\fdiez\Documents\Dev\hooky-api\vendor\laravel\framework\src\Illuminate\Pipeline\Pipeline.php(183): Illuminate\Foundation\Http\Middleware\InvokeDeferredCallbacks->handle(Object(Illuminate\Http\Request), Object(Closure))
#38 C:\Users\fdiez\Documents\Dev\hooky-api\vendor\laravel\framework\src\Illuminate\Pipeline\Pipeline.php(119): Illuminate\Pipeline\Pipeline->Illuminate\Pipeline\{closure}(Object(Illuminate\Http\Request))
#39 C:\Users\fdiez\Documents\Dev\hooky-api\vendor\laravel\framework\src\Illuminate\Foundation\Http\Kernel.php(176): Illuminate\Pipeline\Pipeline->then(Object(Closure))
#40 C:\Users\fdiez\Documents\Dev\hooky-api\vendor\laravel\framework\src\Illuminate\Foundation\Http\Kernel.php(145): Illuminate\Foundation\Http\Kernel->sendRequestThroughRouter(Object(Illuminate\Http\Request))
#41 C:\Users\fdiez\Documents\Dev\hooky-api\vendor\laravel\framework\src\Illuminate\Foundation\Application.php(1190): Illuminate\Foundation\Http\Kernel->handle(Object(Illuminate\Http\Request))
#42 C:\Users\fdiez\Documents\Dev\hooky-api\public\index.php(17): Illuminate\Foundation\Application->handleRequest(Object(Illuminate\Http\Request))
#43 C:\Users\fdiez\Documents\Dev\hooky-api\vendor\laravel\framework\src\Illuminate\Foundation\resources\server.php(23): require_once('C:\\Users\\fdiez\\...')
#44 {main}  
[2025-01-03 18:57:45] local.ERROR: Exception: Undefined array key "user_id" in C:\Users\fdiez\Documents\Dev\hooky-api\app\Http\Services\NotificationService.php:31
Stack trace:
#0 C:\Users\fdiez\Documents\Dev\hooky-api\app\Services\UserService.php(102): App\Http\Services\NotificationService->publishNotification(Array)
#1 C:\Users\fdiez\Documents\Dev\hooky-api\app\Http\Controllers\UserController.php(54): App\Services\UserService->setInteraction(Object(App\Models\User), '85676a64-533c-4...', 2)
#2 C:\Users\fdiez\Documents\Dev\hooky-api\vendor\laravel\framework\src\Illuminate\Routing\ControllerDispatcher.php(46): App\Http\Controllers\UserController->setInteraction(Object(Illuminate\Http\Request), '85676a64-533c-4...')
#3 C:\Users\fdiez\Documents\Dev\hooky-api\vendor\laravel\framework\src\Illuminate\Routing\Route.php(264): Illuminate\Routing\ControllerDispatcher->dispatch(Object(Illuminate\Routing\Route), Object(App\Http\Controllers\UserController), 'setInteraction')
#4 C:\Users\fdiez\Documents\Dev\hooky-api\vendor\laravel\framework\src\Illuminate\Routing\Route.php(210): Illuminate\Routing\Route->runController()
#5 C:\Users\fdiez\Documents\Dev\hooky-api\vendor\laravel\framework\src\Illuminate\Routing\Router.php(808): Illuminate\Routing\Route->run()
#6 C:\Users\fdiez\Documents\Dev\hooky-api\vendor\laravel\framework\src\Illuminate\Pipeline\Pipeline.php(144): Illuminate\Routing\Router->Illuminate\Routing\{closure}(Object(Illuminate\Http\Request))
#7 C:\Users\fdiez\Documents\Dev\hooky-api\app\Http\Middleware\CheckCreditsMiddleware.php(31): Illuminate\Pipeline\Pipeline->Illuminate\Pipeline\{closure}(Object(Illuminate\Http\Request))
#8 C:\Users\fdiez\Documents\Dev\hooky-api\vendor\laravel\framework\src\Illuminate\Pipeline\Pipeline.php(183): App\Http\Middleware\CheckCreditsMiddleware->handle(Object(Illuminate\Http\Request), Object(Closure))
#9 C:\Users\fdiez\Documents\Dev\hooky-api\app\Http\Middleware\CheckEventIsActiveMiddleware.php(27): Illuminate\Pipeline\Pipeline->Illuminate\Pipeline\{closure}(Object(Illuminate\Http\Request))
#10 C:\Users\fdiez\Documents\Dev\hooky-api\vendor\laravel\framework\src\Illuminate\Pipeline\Pipeline.php(183): App\Http\Middleware\CheckEventIsActiveMiddleware->handle(Object(Illuminate\Http\Request), Object(Closure))
#11 C:\Users\fdiez\Documents\Dev\hooky-api\vendor\laravel\framework\src\Illuminate\Routing\Middleware\SubstituteBindings.php(51): Illuminate\Pipeline\Pipeline->Illuminate\Pipeline\{closure}(Object(Illuminate\Http\Request))
#12 C:\Users\fdiez\Documents\Dev\hooky-api\vendor\laravel\framework\src\Illuminate\Pipeline\Pipeline.php(183): Illuminate\Routing\Middleware\SubstituteBindings->handle(Object(Illuminate\Http\Request), Object(Closure))
#13 C:\Users\fdiez\Documents\Dev\hooky-api\vendor\laravel\framework\src\Illuminate\Auth\Middleware\Authenticate.php(64): Illuminate\Pipeline\Pipeline->Illuminate\Pipeline\{closure}(Object(Illuminate\Http\Request))
#14 C:\Users\fdiez\Documents\Dev\hooky-api\vendor\laravel\framework\src\Illuminate\Pipeline\Pipeline.php(183): Illuminate\Auth\Middleware\Authenticate->handle(Object(Illuminate\Http\Request), Object(Closure), 'sanctum')
#15 C:\Users\fdiez\Documents\Dev\hooky-api\vendor\laravel\framework\src\Illuminate\Pipeline\Pipeline.php(119): Illuminate\Pipeline\Pipeline->Illuminate\Pipeline\{closure}(Object(Illuminate\Http\Request))
#16 C:\Users\fdiez\Documents\Dev\hooky-api\vendor\laravel\framework\src\Illuminate\Routing\Router.php(807): Illuminate\Pipeline\Pipeline->then(Object(Closure))
#17 C:\Users\fdiez\Documents\Dev\hooky-api\vendor\laravel\framework\src\Illuminate\Routing\Router.php(786): Illuminate\Routing\Router->runRouteWithinStack(Object(Illuminate\Routing\Route), Object(Illuminate\Http\Request))
#18 C:\Users\fdiez\Documents\Dev\hooky-api\vendor\laravel\framework\src\Illuminate\Routing\Router.php(750): Illuminate\Routing\Router->runRoute(Object(Illuminate\Http\Request), Object(Illuminate\Routing\Route))
#19 C:\Users\fdiez\Documents\Dev\hooky-api\vendor\laravel\framework\src\Illuminate\Routing\Router.php(739): Illuminate\Routing\Router->dispatchToRoute(Object(Illuminate\Http\Request))
#20 C:\Users\fdiez\Documents\Dev\hooky-api\vendor\laravel\framework\src\Illuminate\Foundation\Http\Kernel.php(201): Illuminate\Routing\Router->dispatch(Object(Illuminate\Http\Request))
#21 C:\Users\fdiez\Documents\Dev\hooky-api\vendor\laravel\framework\src\Illuminate\Pipeline\Pipeline.php(144): Illuminate\Foundation\Http\Kernel->Illuminate\Foundation\Http\{closure}(Object(Illuminate\Http\Request))
#22 C:\Users\fdiez\Documents\Dev\hooky-api\vendor\laravel\framework\src\Illuminate\Foundation\Http\Middleware\TransformsRequest.php(21): Illuminate\Pipeline\Pipeline->Illuminate\Pipeline\{closure}(Object(Illuminate\Http\Request))
#23 C:\Users\fdiez\Documents\Dev\hooky-api\vendor\laravel\framework\src\Illuminate\Foundation\Http\Middleware\ConvertEmptyStringsToNull.php(31): Illuminate\Foundation\Http\Middleware\TransformsRequest->handle(Object(Illuminate\Http\Request), Object(Closure))
#24 C:\Users\fdiez\Documents\Dev\hooky-api\vendor\laravel\framework\src\Illuminate\Pipeline\Pipeline.php(183): Illuminate\Foundation\Http\Middleware\ConvertEmptyStringsToNull->handle(Object(Illuminate\Http\Request), Object(Closure))
#25 C:\Users\fdiez\Documents\Dev\hooky-api\vendor\laravel\framework\src\Illuminate\Foundation\Http\Middleware\TransformsRequest.php(21): Illuminate\Pipeline\Pipeline->Illuminate\Pipeline\{closure}(Object(Illuminate\Http\Request))
#26 C:\Users\fdiez\Documents\Dev\hooky-api\vendor\laravel\framework\src\Illuminate\Foundation\Http\Middleware\TrimStrings.php(51): Illuminate\Foundation\Http\Middleware\TransformsRequest->handle(Object(Illuminate\Http\Request), Object(Closure))
#27 C:\Users\fdiez\Documents\Dev\hooky-api\vendor\laravel\framework\src\Illuminate\Pipeline\Pipeline.php(183): Illuminate\Foundation\Http\Middleware\TrimStrings->handle(Object(Illuminate\Http\Request), Object(Closure))
#28 C:\Users\fdiez\Documents\Dev\hooky-api\vendor\laravel\framework\src\Illuminate\Http\Middleware\ValidatePostSize.php(27): Illuminate\Pipeline\Pipeline->Illuminate\Pipeline\{closure}(Object(Illuminate\Http\Request))
#29 C:\Users\fdiez\Documents\Dev\hooky-api\vendor\laravel\framework\src\Illuminate\Pipeline\Pipeline.php(183): Illuminate\Http\Middleware\ValidatePostSize->handle(Object(Illuminate\Http\Request), Object(Closure))
#30 C:\Users\fdiez\Documents\Dev\hooky-api\vendor\laravel\framework\src\Illuminate\Foundation\Http\Middleware\PreventRequestsDuringMaintenance.php(110): Illuminate\Pipeline\Pipeline->Illuminate\Pipeline\{closure}(Object(Illuminate\Http\Request))
#31 C:\Users\fdiez\Documents\Dev\hooky-api\vendor\laravel\framework\src\Illuminate\Pipeline\Pipeline.php(183): Illuminate\Foundation\Http\Middleware\PreventRequestsDuringMaintenance->handle(Object(Illuminate\Http\Request), Object(Closure))
#32 C:\Users\fdiez\Documents\Dev\hooky-api\vendor\laravel\framework\src\Illuminate\Http\Middleware\HandleCors.php(62): Illuminate\Pipeline\Pipeline->Illuminate\Pipeline\{closure}(Object(Illuminate\Http\Request))
#33 C:\Users\fdiez\Documents\Dev\hooky-api\vendor\laravel\framework\src\Illuminate\Pipeline\Pipeline.php(183): Illuminate\Http\Middleware\HandleCors->handle(Object(Illuminate\Http\Request), Object(Closure))
#34 C:\Users\fdiez\Documents\Dev\hooky-api\vendor\laravel\framework\src\Illuminate\Http\Middleware\TrustProxies.php(58): Illuminate\Pipeline\Pipeline->Illuminate\Pipeline\{closure}(Object(Illuminate\Http\Request))
#35 C:\Users\fdiez\Documents\Dev\hooky-api\vendor\laravel\framework\src\Illuminate\Pipeline\Pipeline.php(183): Illuminate\Http\Middleware\TrustProxies->handle(Object(Illuminate\Http\Request), Object(Closure))
#36 C:\Users\fdiez\Documents\Dev\hooky-api\vendor\laravel\framework\src\Illuminate\Foundation\Http\Middleware\InvokeDeferredCallbacks.php(22): Illuminate\Pipeline\Pipeline->Illuminate\Pipeline\{closure}(Object(Illuminate\Http\Request))
#37 C:\Users\fdiez\Documents\Dev\hooky-api\vendor\laravel\framework\src\Illuminate\Pipeline\Pipeline.php(183): Illuminate\Foundation\Http\Middleware\InvokeDeferredCallbacks->handle(Object(Illuminate\Http\Request), Object(Closure))
#38 C:\Users\fdiez\Documents\Dev\hooky-api\vendor\laravel\framework\src\Illuminate\Pipeline\Pipeline.php(119): Illuminate\Pipeline\Pipeline->Illuminate\Pipeline\{closure}(Object(Illuminate\Http\Request))
#39 C:\Users\fdiez\Documents\Dev\hooky-api\vendor\laravel\framework\src\Illuminate\Foundation\Http\Kernel.php(176): Illuminate\Pipeline\Pipeline->then(Object(Closure))
#40 C:\Users\fdiez\Documents\Dev\hooky-api\vendor\laravel\framework\src\Illuminate\Foundation\Http\Kernel.php(145): Illuminate\Foundation\Http\Kernel->sendRequestThroughRouter(Object(Illuminate\Http\Request))
#41 C:\Users\fdiez\Documents\Dev\hooky-api\vendor\laravel\framework\src\Illuminate\Foundation\Application.php(1190): Illuminate\Foundation\Http\Kernel->handle(Object(Illuminate\Http\Request))
#42 C:\Users\fdiez\Documents\Dev\hooky-api\public\index.php(17): Illuminate\Foundation\Application->handleRequest(Object(Illuminate\Http\Request))
#43 C:\Users\fdiez\Documents\Dev\hooky-api\vendor\laravel\framework\src\Illuminate\Foundation\resources\server.php(23): require_once('C:\\Users\\fdiez\\...')
#44 {main}  
